sam-http.go:40: Directory Check i2p-projekt.i2p

rw.go:25: > "NAMING LOOKUP NAME=i2p-projekt.i2p\n"
rw.go:47: < "NAMING REPLY RESULT=OK NAME=ME VALUE=8ZAW~KzGFMUEj0pdchy6GQOOZbuzbqpWtiApEj8LHy2~O~58XKxRrA43cA23a9oDpNZDqWhRWEtehSnX5NoCwJcXWWdO1ksKEUim6cQLP-VpQyuZTIIqwSADwgoe6ikxZG0NGvy5FijgxF4EW9zg39nhUNKRejYNHhOBZKIX38qYyXoB8XCVJybKg89aMMPsCT884F0CLBKbHeYhpYGmhE4YW~aV21c5pebivvxeJPWuTBAOmYxAIgJE3fFU-fucQn9YyGUFa8F3t-0Vco-9qVNSEWfgrdXOdKT6orr3sfssiKo3ybRWdTpxycZ6wB4qHWgTSU5A-gOA3ACTCMZBsASN3W5cz6GRZCspQ0HNu~R~nJ8V06Mmw~iVYOu5lDvipmG6-dJky6XRxCedczxMM1GWFoieQ8Ysfuxq-j8keEtaYmyUQme6TcviCEvQsxyVirr~dTC-F8aZ~y2AlG5IJz5KD02nO6TRkI2fgjHhv9OZ9nskh-I2jxAzFP6Is1kyAAAA\n"

sam-http.go:336: New Connection Name:  i2p-projekt.i2p
sam-http.go:337: Caching base64 address of: i2p-projekt.i2p

sam-url.go:220: Creating a new cache directory.
sam-url.go:100: Requesting directory:  i2p-projekt.i2p/
sam-url.go:34: Directory Check i2p-projekt.i2p
sam-url.go:46: Preparing to create File: i2p-projekt.i2p/recv
sam-url.go:48: checking for problems...
sam-url.go:49: Opening the File...
sam-url.go:51: Created a File for recieving responses: i2p-projekt.i2p/recv
sam-url.go:59: Preparing to create File: i2p-projekt.i2p/time
sam-url.go:61: checking for problems...
sam-url.go:62: Opening the File...
sam-url.go:64: Created a File for timing responses: i2p-projekt.i2p/time
sam-url.go:72: Preparing to create Pipe: i2p-projekt.i2p/del
sam-url.go:74: checking for problems...
sam-url.go:76: Opening the Named Pipe as a File...
sam-url.go:78: Opening the Named Pipe as a Buffer...
sam-url.go:79: Created a named Pipe for closing the connection: i2p-projekt.i2p/del

sam-list.go:147: Checking client requests 1
sam-list.go:148: of 1
sam-http.go:154: Request host  i2p-projekt.i2p
sam-http.go:155: Is equal to client host i2p-projekt.i2p
sam-list.go:150: Client pipework for %s found. http://i2p-projekt.i2p
sam-http.go:224: URL passed validation: http://i2p-projekt.i2p
sam-http.go:226: Request will be managed in: i2p-projekt.i2p
sam-http.go:232: Getting resource http://i2p-projekt.i2p

rw.go:25: > "NAMING LOOKUP NAME=i2p-projekt.i2p\n"
rw.go:47: < "NAMING REPLY RESULT=OK NAME=ME VALUE=8ZAW~KzGFMUEj0pdchy6GQOOZbuzbqpWtiApEj8LHy2~O~58XKxRrA43cA23a9oDpNZDqWhRWEtehSnX5NoCwJcXWWdO1ksKEUim6cQLP-VpQyuZTIIqwSADwgoe6ikxZG0NGvy5FijgxF4EW9zg39nhUNKRejYNHhOBZKIX38qYyXoB8XCVJybKg89aMMPsCT884F0CLBKbHeYhpYGmhE4YW~aV21c5pebivvxeJPWuTBAOmYxAIgJE3fFU-fucQn9YyGUFa8F3t-0Vco-9qVNSEWfgrdXOdKT6orr3sfssiKo3ybRWdTpxycZ6wB4qHWgTSU5A-gOA3ACTCMZBsASN3W5cz6GRZCspQ0HNu~R~nJ8V06Mmw~iVYOu5lDvipmG6-dJky6XRxCedczxMM1GWFoieQ8Ysfuxq-j8keEtaYmyUQme6TcviCEvQsxyVirr~dTC-F8aZ~y2AlG5IJz5KD02nO6TRkI2fgjHhv9OZ9nskh-I2jxAzFP6Is1kyAAAA\n"

rw.go:25: > "SESSION CREATE STYLE=STREAM ID=1041557833 DESTINATION=TRANSIENT\n"
rw.go:47: < "SESSION STATUS RESULT=OK DESTINATION=ymTk0arBFpUbfi4cIEFp-2nSXf11Idv1S5RGD5SWby7C-3mhayRMvQqi9u0cOd1ShKOgIJW4rIj2y4G-Xb7pTxh1Nqb~zYdPBfH4oBXcpjDXJrOZDj5yxluHmq6hAqC6s5A1FHQrHNI6iaSS4NaNCODrTsmrEGUENzb8DvC4lMQseT7K1onMQp4YxNzWMTcVFcNYVD~bUOC8Oer9EsAhRA80Obuc7Vv1P5f99ZQp~6qI~V7p3oT3BUteurdoNzaxymIKHp1lemdfnrGEH3jSQwYHRDJ183hHch0fVwINPe6Sg4vJVQiSPT4f9F9uNt7-b0~zvj-b2D9-omGIZlDtfWQJEEJfZyFgHISp4nLJ0AaAFLd1c0~cvFbAKZSUisZjCOI3ZfGIIS0Ik-zGmrZogP29~ije2ZiBsjg24BdiPCVswGE8MgWq5QbhXDcSmF1uhJ1SZ-8ly~zuuHsVjFR-R3hTwNxwBxdOHoqwhGb6k7QXrxTalxlxNy6EUyIS0pG3AAAArc5Ffx3TIUc8Xfr-G~Us7IvAYQSUF~AbaCdvDZRQHOs9ahE0Izy7LD11dQEVJXUF86YM3s9Yk~vEj3emg5MTwAhAcLQxruZOd~4EWngASBILl5Z1SWLMo0WFYLfWEQmBYIrTD-53Os0~ysQVlqwx5alhpHsr8GX6TqtcLm5REqgysCvnoPCgQXu0qjo8JkJaFK9DW~-kREySKMoipghsjORHUb19eYLqoGHiLr3etDf3XYtMCnT2i234ad5Gef9cJFax3b47YCjVTQ~07iTmc6OF75kedTf4NUWr1ORn-zJvnLvfCsosSDNdQwvR4uo~q61-6nIVtCDFZ2CGVomHHz2gUT~pK9awBNkNDz9z1yaMFF3d\n"

rw.go:25: > "HELLO VERSION MIN=3.0 MAX=3.0\n"
rw.go:47: < "HELLO REPLY RESULT=OK VERSION=3.0\n"

rw.go:25: > "STREAM CONNECT ID=1041557833 DESTINATION=8ZAW~KzGFMUEj0pdchy6GQOOZbuzbqpWtiApEj8LHy2~O~58XKxRrA43cA23a9oDpNZDqWhRWEtehSnX5NoCwJcXWWdO1ksKEUim6cQLP-VpQyuZTIIqwSADwgoe6ikxZG0NGvy5FijgxF4EW9zg39nhUNKRejYNHhOBZKIX38qYyXoB8XCVJybKg89aMMPsCT884F0CLBKbHeYhpYGmhE4YW~aV21c5pebivvxeJPWuTBAOmYxAIgJE3fFU-fucQn9YyGUFa8F3t-0Vco-9qVNSEWfgrdXOdKT6orr3sfssiKo3ybRWdTpxycZ6wB4qHWgTSU5A-gOA3ACTCMZBsASN3W5cz6GRZCspQ0HNu~R~nJ8V06Mmw~iVYOu5lDvipmG6-dJky6XRxCedczxMM1GWFoieQ8Ysfuxq-j8keEtaYmyUQme6TcviCEvQsxyVirr~dTC-F8aZ~y2AlG5IJz5KD02nO6TRkI2fgjHhv9OZ9nskh-I2jxAzFP6Is1kyAAAA\n"
rw.go:47: < "STREAM STATUS RESULT=OK\n"

rw.go:25: > "GET / HTTP/1.1\r\nHost: i2p-projekt.i2p\r\nUser-Agent: Go-http-client/1.1\r\nAccept-Encoding: gzip\r\n\r\n"
rw.go:47: < "HTTP/1.1 302 FOUND\r\nDate: Mon, 05 Mar 2018 09:53:55 GMT\r\nServer: Apache/2.2.22 (Debian)\r\nLocation: http://i2p-projekt.i2p/en/\r\nVary: Accept-Encoding\r\nContent-Encoding: gzip\r\nConnection: close\r\nTransfer-Encoding: chunked\r\nContent-Type: text/html; charset=utf-8\r\n\r\nb4\r\n\x1f\x8b\b\x00\x00\x00\x00\x00\x00\x03d\x8a\xcd\x0e\xc1@\x14F\xf7}\x8aO\xf7\xe6\x06;\x19\xb3\xd0\x12\x92\xfa\x89T\xc4r\xb4\x97N\x8c\x19\xa9ۅ\xb7G\xd8ٜ\xc59G\xf7\xf2MV\x1e\xb73,\xcaU\x81\xed~Z,3\xa4}\xa2\xc3(#\xca\xcb\xfc\x1bFj\x88\xb9\v\xd6\x13\xcd֩I\xb48\xf1lv\\\xbb\x96+qᢔ\xd2\xf4\xb5\x89n\x06\u007f\xe9\xad\x12}7\xc7\xd8\xe1\xd1\xc4\xce\xd781\xda\xdf\xc45l'\xf1f\xc5U\xd6\xfb'$Bl{a\xc1~W\x8c\xa1-\x9a\x96ϓ\x948Pj>\xd4d\x8d\x02\x96g\x84(\xa8\xbc\xab\xae\x90\x86\xe1]\xb8\xaa\x17\x00\x00\x00\xff\xff\r\na\r\n\x03\x00\x8dun\xf2\xd7\x00\x00\x00\r\n0\r\n\r\n"

rw.go:25: > "NAMING LOOKUP NAME=i2p-projekt.i2p\n"
rw.go:47: < "NAMING REPLY RESULT=OK NAME=ME VALUE=8ZAW~KzGFMUEj0pdchy6GQOOZbuzbqpWtiApEj8LHy2~O~58XKxRrA43cA23a9oDpNZDqWhRWEtehSnX5NoCwJcXWWdO1ksKEUim6cQLP-VpQyuZTIIqwSADwgoe6ikxZG0NGvy5FijgxF4EW9zg39nhUNKRejYNHhOBZKIX38qYyXoB8XCVJybKg89aMMPsCT884F0CLBKbHeYhpYGmhE4YW~aV21c5pebivvxeJPWuTBAOmYxAIgJE3fFU-fucQn9YyGUFa8F3t-0Vco-9qVNSEWfgrdXOdKT6orr3sfssiKo3ybRWdTpxycZ6wB4qHWgTSU5A-gOA3ACTCMZBsASN3W5cz6GRZCspQ0HNu~R~nJ8V06Mmw~iVYOu5lDvipmG6-dJky6XRxCedczxMM1GWFoieQ8Ysfuxq-j8keEtaYmyUQme6TcviCEvQsxyVirr~dTC-F8aZ~y2AlG5IJz5KD02nO6TRkI2fgjHhv9OZ9nskh-I2jxAzFP6Is1kyAAAA\n"

rw.go:25: > "SESSION CREATE STYLE=STREAM ID=786331404 DESTINATION=TRANSIENT\n"
rw.go:47: < "SESSION STATUS RESULT=OK DESTINATION=nFDe-xs6tAds2fGXUCh8YzSpIeBb0D9Hq6ISKEnEvzbZqx~J0krq3xRKP65Waa~z9vvFJqQebAcZvogZBadZGbUNRLblRkg9apUMZACTaioGYFSDAUDvt-XOhi~S~0ydF211XXUM0uXmRDXnXZl6in1iA2IGWCjfFc8ligwZBfqQcvqyW5qvMmv8FDExSERBVJRq0LjdZ33MHX76dDrdO0GWF8O46BlAgrcvfKvTwE59UVoddmOgjepHbxM3Xl~qRjJXjDBfSBbc4PkA7GC2yCj9KzOc-Gnz3OuW2qqgjN-NjBj~enHo1Z0ZCsEiJEHnR1jrK8o0aouV7U1bkfNYEIOg3Vjs1b3uQEoQ8bDperfYKddyMdwHOpe2KYsdW~zSwjQ9mBGvt72189bWgi5rCDH8GgnVX~s0ftch2q3fweSsal4H91VruYCDIhHLSylEQU0paukXJggPyY3-9h6qJsgjM1g7R5e0mlA8pdZT5kb7y9BUt9GBLklMQNo3WUSMAAAANnYf8Uo08XOndEtcGEdHQWKfpdtTtFva3GoIsH6EkHG3wF3S~JbP2xmEpjKL-i2cD4gFmmaZTyvWuWyqA~WrpuQRRgSnHHyGwFmQpP5QJfZYFaDQXE--L01gnUwmj4meMf65Ijn9IckrdmNPDZhheNIQiRoCcapdtC4M7JRCmF9AZp7C3GZlxUQjhzYVr082lc-HERR25Hf1kJwtC0ObTQ-zsqFYQbodqSKOk72g6MzLm-YoYa9Ie5SeYQEVSPmvKmdn-3cKdVHoAmyHT3GY3UeT5CVRQ8581wEGbd4lNZ8rspbfUVAXhzaZ~IQeUTHjXOwZAKc26Z-2~sUiE1x2kGl53028l2V3ZkTqNBNXyRYVyozY\n"

rw.go:25: > "HELLO VERSION MIN=3.0 MAX=3.0\n"
rw.go:47: < "HELLO REPLY RESULT=OK VERSION=3.0\n"

rw.go:25: > "STREAM CONNECT ID=786331404 DESTINATION=8ZAW~KzGFMUEj0pdchy6GQOOZbuzbqpWtiApEj8LHy2~O~58XKxRrA43cA23a9oDpNZDqWhRWEtehSnX5NoCwJcXWWdO1ksKEUim6cQLP-VpQyuZTIIqwSADwgoe6ikxZG0NGvy5FijgxF4EW9zg39nhUNKRejYNHhOBZKIX38qYyXoB8XCVJybKg89aMMPsCT884F0CLBKbHeYhpYGmhE4YW~aV21c5pebivvxeJPWuTBAOmYxAIgJE3fFU-fucQn9YyGUFa8F3t-0Vco-9qVNSEWfgrdXOdKT6orr3sfssiKo3ybRWdTpxycZ6wB4qHWgTSU5A-gOA3ACTCMZBsASN3W5cz6GRZCspQ0HNu~R~nJ8V06Mmw~iVYOu5lDvipmG6-dJky6XRxCedczxMM1GWFoieQ8Ysfuxq-j8keEtaYmyUQme6TcviCEvQsxyVirr~dTC-F8aZ~y2AlG5IJz5KD02nO6TRkI2fgjHhv9OZ9nskh-I2jxAzFP6Is1kyAAAA\n"
rw.go:47: < "STREAM STATUS RESULT=OK\n"

rw.go:25: > "GET /en/ HTTP/1.1\r\nHost: i2p-projekt.i2p\r\nUser-Agent: Go-http-client/1.1\r\nReferer: http://i2p-projekt.i2p\r\nAccept-Encoding: gzip\r\n\r\n"
rw.go:47: < "HTTP/1.1 200 OK\r\nDate: Mon, 05 Mar 2018 09:54:24 GMT\r\nServer: Apache/2.2.22 (Debian)\r\nVary: Accept-Encoding\r\nContent-Encoding: gzip\r\nConnection: close\r\nTransfer-Encoding: chunked\r\nContent-Type: text/html; charset=utf-8\r\n\r\n122c\r\n\x1f\x8b\b\x00\x00\x00\x00\x00\x00\x03\xec]\xddo\x1c\xc9q\u007f\xd7_\xd1\xda\x03\xec3\xc2\xe1,\x97gQ\x92)\x1e(Q\xd21'\x89\fI\xf9b\x18ơw\xa6w\xa7\xb53\xd3\xe3\xee\x9e]\xae\x9e\"8@\x80Ā\x13 \x8e\x11\xc0\b\x02\x1b\x81\x9c\x8b\r\\\x10\x04\xf6]\xe2\xa7˳ =I\a\xbf&\xe7\xc4F\xfe\x87Tu\xcf\xcc~\x90;3;\\;/\xc4\x01\xe2\xceLuկ\xaa\xab\xab\xab?o\xfb\xea\xde\xc1\x9d\x93o\x1c\xde%\x81\x8e\u009d+\xdb\xf8\x87\x844\xee\xdfj\xb1\xb8\xb5s\x85\x90\xed\x80Q\x1f\u007f\xc0ψiJ\xbc\x80J\xc5\xf4\xad\xd6\xe3\x93{\xce\xf5V\xf6Is\x1d\xb2\x9d\xfd\xce!ٍE<\x8eD\xaa\xc8#\xa6GB\x0e\xb6]\xfbq\x8aGL#v\xab\xe53\xe5I\x9eh.\xe2\x16\xf1D\xacY\fl'\xe5\x13Ƥ\xa3\x85\x83\u007f\x89ϕ\x96\xbc\x9bj\xe6\x03m\x14\xa51\xf7(\x16\x05\xb8c\xf8\xdeMy\xa8Ɉ뀈\x84\xc5D\x89Tz\x8ch!BEh\xec\x13\x90\xc6\xfb1\x94ւ\xc84\x86wc\xa2%\xf592\xa1!\xd9\a\xf92f\x9a(&\x87\x1c\x8a\xaa\xd4\v\bU\x84E\x94\x87kd\xff\xe8\x0e\x11\x92\x8cX\x97\x04Bi\x1e\xf7\xd7s\xe5C\x1e\x0f\x88d᭖G\x01=\x00\v[$\x90\xacw\xab\x15h\x9d\xa8\x9b\xae\xdbg\x9aw\x92u\xe0\xef\xb2\xd8m\x11\xf7\xac9\x86\x9c\x8d\x12!\xf5\x94-F\xdc\xd7\xc1-\x9f!\x1e\xc7<\xac\x11\x1e\x03b\x1a:\n\xa4\xb0[\x1b\xeb\xed5\x12\xd1S\x1e\xa5Q\xf6\xaa\x83\xafR\xd0\xc2<\xd3.\xbc\x1a35\x119A\xab\xf48d*`\fd\xeaq\x02\x184;ծ\xa7T\x0e\xdf\xfdPi\xb0\xb2\xe7ZR\xd7O\xbd\x81\xeb\xb3\x1eMC\xbdn\xe8\"\xe6s\n\xac<\xc9X\xbcF\x020u\xc0B\u007f\x8d$\x92\xc7\x1a\xff\x88'̳u\xbc2\x04\x91\xe8\xf2\x90\x9d\x03\xc0\xd4\xf4\xdb\x11\x8f\x9di\xa3\xdd\xdc촓ӯd\x1f\xe9i\xf6v\xeb\xda\x16\xbc]\xa9a\xd4@\x8b\xc4\xe22N\x0fN\x0e\x1f\xea\x81ܺv}\x02\x12>N\xbf\xfdݚ\x13$1\v\xad!\xf4\x8d\x8di\x03\x17سץ\xe0\xaf:\xce7y\x8f\xec\xdf}h\xea\xf4[\xbfs\x17\x99\x12\xfdM\x16\xfb\xbc\xf7-Ǚ\xc5\x02qd\xff.\xb9\xb12(\x95nA\xc3p1\xaa\x15\x81P\xe3X\xd3ӕ\xb4\xd9\x00\x82\x94\x97j\xc2=$\xb0\x18xD\xfb\xcc=u\xec\xbb9\x1c=:\xc4\xf7\xeb\xf0Ϲ\x91O\x8a\xae\xd0j*\xee=:8\xd8;\xccH\xb7ݼ\a\xda\xee\n\u007f\x9c\x95\xf6\xf9\x90x!U\nB,xokg\x9bfR\xdfʸ\x14\xa6>\x1e\xf0\x04\x04\ry\x9fZ\x95\xa8\xe71\xa5\x06l|\xab\xd5i\xed\xcc}\xdev\xe9ζ\v\xec3A(\x9cI\xfb\x90\xc9\xe5>\xd8\\$]*[\xf9{\xf8B\xcd\xfbP\xf4E\xa1?F\xfa\x9dm\x1e\xf5\x89\x92ނz1\x86S.t\x0eXt=\x89\xfb\x000\x04\x1b`_\xfa\xc0p\xcb\xf48\t\x18tRC\xae8\x84\xf4Iwuh+\x8b\xbc\r\x05L0C\r&\xb0\xa6\fe\xf8LAF\xed6v\xcaق\xf57fJL\xf1\xc3<a\x86\x1d|N\xc3\xe9\xaf)\xea\x06$\xe0=\x93\n\xb2\x1d\xa0q%P\x14\xa4Qͬ\xc9&\x89Ǵ\x98\x88\xc5)\xd7,:ה\x99\xf9\xa0h_\x01ck?wg\x1e&\xfaYk\xe7n\xdc\x0f\xb9\nl\xf5\xe6\xffbu\x03\xbc9\x8c>+\xc5h<\xae\x11F\x9f\x95c\xdcc\xa9V^-\x8c\xc0\xb3Ԏ\xaa\xb1\x1dU9\xc6;Ti\x16³\xa8\x03\xb3'Ka\xf6dS\x98=Y\x0e\xf3\x9e\xa4\xf1g\xcf)WuPʴ\x14\xa5L\x9b\xa2\x94i9ʣT)Nc\xf2\xf2\xef_}\xe7ճW\xcf^~\xfa\xf2\x17/?!\xaf\xbe\xf7\xf2\xe7\xaf\xfe\xe2\xe5\xa7u\xb0?\rJ\xb1?\r\x9ab\u007f\x1aT8B\xc0c\xa6\x18\xf9\xcf_\xfc싿\xf9\xb3:Pi\xb93\xd0\xc6\xce@+\x9caW\xd2.\xf7ț\xe7\x9f\xff\xe9\x9bO\xde\xfc\xf3\x9b\x9f|\xfe\xe7o\xfe\xb1\x0eb\xee\x97\"\xe6~S\xc4\xdc/G|\x9b\x06TQ\x88Ⱦ\x00#sZ\xcf\x13\x1c=\xaap\x86\x0fO>h\xee\x0fPx\x19\x97 o\xff\xfa\x93g\xff\xf3O\u007fm\x9f\xd6\xc8\u007f}\xef\xe3_?\xfb\xf1WjE\xb7\xb0<\xba\x85\x8d\xa3[X\xae\xc1}Ȋ\x06\xe4\xc5\xf7_\xfc\x1b\xfc\xf7\xf3\x17\xbf|\xf1ɋO_\xfc\xb4\x0e䠼\xd3\b\x1aw\x1aAE\xa7\xf1\x1e\xebJ6\"\xaf\u007f\xf4\xfa\xaf^\xff\xe4\xf5\u07fe\xfe\xa8\x96c\xebr\xc7֍\x1d[\x97\xa3\xdd\xd74\xe45;\x8f'\xb4\x14\xe4\x13\xda\x14\xe4\x13Z\x0e\xf2\x0fiB\x8d#\u007f\xf1\x83\u007f\xf8\xe2\x87?\xfd\xef\x8f\xfe\xae\x0e܁(\x85;\x10M\xe1\x0eD9\xdc\xf7\x85dЉ\xfc\xef\xf7\u007f\xf8\x9b\u007f\xfd\xd9o\x9f\xffe\x1d\xb0Q\xbf\x14l\xd4o\n6\xeaWt\xcc\xc0&\x1e\x93\x87\x14\xa8\xa9\x1a\xd7\xc1\x1a\x97G\x83\xb8q4\x88+\xa2\xc1#\x06\xe9?<\xfa\xb5\xb2\x88^\xb9\xbb\xf6\x1a\xbbk\xaf\xc2]\x0f\x994Y\xc4\xe7\xcf\xde<\x87\xde\xed_~\xf5\xdd:p\x93r\xab&\x8d\xad\x9aTX\xf5P\x84j\xc0kA,\x8fRI\xe3(\x95TD\xa9C\x18\xe5\xa6\xfd\xf4\xb3\x8fjU|\xa2\x9dnyj\x93\xe8\x0fo\x1f5\a\v\x85\xeb\xe2%\xbe \xb7%U<\xac\x95\xf8\x96\x87,\xd98dɊ\x90u$\xa2\xcf~\x14\xff\xc7wj\xb5+^ޮx\xe3v\xc5\xcbA\x1e\xa7\"\xaa\xe5\xa7jX\x8aP\r\x9b\"T\xc3\n\x84C\x16\xabA\xad\xecP\x97{\xa8n\x9c|\xeb\x8a\xe4\xfb\xe4\xb3\u007f\x97\x83Ϟ\xb3: \xd3A)\xc8t\xd0"

sam-http.go:235: Pumping result to top of parent pipe
