si-i2p-plugin.go:43: Sam Address: 127.0.0.1
si-i2p-plugin.go:44: Sam Port: 7656
si-i2p-plugin.go:45: Proxy Address: 127.0.0.1
si-i2p-plugin.go:46: Proxy Port: 4443
si-i2p-plugin.go:47: Working Directory: /home/idk/local-manifest/crypto-manifest/si-i2p-plugin
si-i2p-plugin.go:48: Debug mode: false
si-i2p-plugin.go:49: Verbose mode: true
si-i2p-plugin.go:50: Using HTTP proxy: true
si-i2p-plugin.go:51: Initial URL:
sam-list.go:251: Generating parent proxy structure.
sam-list.go:253: Parent proxy set to down.
sam-list.go:226: LOG:  [Established SAM connection]
sam-list.go:241: [Parent Directory Check parent]
sam-list.go:226: LOG:  [Creating a connection: parent]
sam-list.go:241: [Send File Check parent/send]
sam-list.go:226: LOG:  [Preparing to create Pipe: parent/send]
sam-list.go:241: [Creating Pipe parent/send]
sam-list.go:226: LOG:  [checking for problems...]
sam-list.go:226: LOG:  [Opening the Named Pipe as a Scanner...]
sam-list.go:226: LOG:  [Opening the Named Pipe as a Scanner...]
sam-list.go:226: LOG:  [Created a named Pipe for sending requests: parent/send]
sam-list.go:241: [Recv File Check parent/recv]
sam-list.go:226: LOG:  [Preparing to create Pipe: parent/recv]
sam-list.go:241: [Creating Pipe parent/recv]
sam-list.go:226: LOG:  [checking for problems...]
sam-list.go:226: LOG:  [Created a named Pipe for recieving responses: parent/recv]
sam-list.go:241: [Del File Check parent/del]
sam-list.go:226: LOG:  [Preparing to create Pipe: parent/del]
sam-list.go:241: [Creating Pipe parent/del]
sam-list.go:226: LOG:  [checking for problems...]
sam-list.go:226: LOG:  [Opening the Named Pipe as a File...]
sam-list.go:226: LOG:  [Opening the Named Pipe as a Scanner...]
sam-list.go:226: LOG:  [Created a named Pipe for closing the connection: parent/del]
sam-list.go:226: LOG:  [Parent proxy pipes initialized. Parent proxy set to up.]
sam-list.go:255: SAM list created
si-http-proxy.go:141: Starting HTTP proxy on:127.0.0.1:4443
si-http-proxy.go:144: Connected SAM isolation stack to the HTTP proxy server
si-http-proxy.go:146: HTTP Proxy prepared
si-i2p-plugin.go:79: HTTP Proxy Started:127.0.0.1:4443
si-i2p-plugin.go:84: Created client, starting loop...
sam-list.go:226: LOG:  [Reading requests:]
sam-list.go:226: LOG:  [Writing responses:]
si-http-proxy.go:116: LOG:  [Initializing handler handle]
sam-list.go:226: LOG:  [Managing pipes:]
si-http-proxy.go:77: 127.0.0.1:58656   GET   http://lqnwvwsgio6k53zq6d7r5bpaxuslc45vgsiqo6i3ebshkqpgrnma.b32.i2p/
si-http-proxy.go:57: 127.0.0.1:58656   GET   http://lqnwvwsgio6k53zq6d7r5bpaxuslc45vgsiqo6i3ebshkqpgrnma.b32.i2p/
si-http-proxy.go:116: LOG:  [http://lqnwvwsgio6k53zq6d7r5bpaxuslc45vgsiqo6i3ebshkqpgrnma.b32.i2p/]
si-http-proxy.go:116: LOG:  [Sanitizing headers: Accept]
si-http-proxy.go:116: LOG:  [Sanitizing headers: Accept-Encoding]
si-http-proxy.go:116: LOG:  [Sanitizing headers: Keep-Alive]
si-http-proxy.go:116: LOG:  [Sanitizing headers: Proxy-Authenticate]
si-http-proxy.go:116: LOG:  [Sanitizing headers: Proxy-Authorization]
si-http-proxy.go:116: LOG:  [Sanitizing headers: Proxy-Connection]
si-http-proxy.go:116: LOG:  [Sanitizing headers: Te]
si-http-proxy.go:116: LOG:  [Sanitizing headers: Trailers]
si-http-proxy.go:116: LOG:  [Sanitizing headers: Transfer-Encoding]
si-http-proxy.go:116: LOG:  [Sanitizing headers: Upgrade]
si-http-proxy.go:116: LOG:  [Sanitizing headers: X-Forwarded-For]
sam-list.go:226: LOG:  [Client pipework for %s not found: Creating. http://lqnwvwsgio6k53zq6d7r5bpaxuslc45vgsiqo6i3ebshkqpgrnma.b32.i2p/]
sam-list.go:226: LOG:  [Appending client to SAM stack.]
sam-http.go:426: Creating a new SAMv3 Client:  http://lqnwvwsgio6k53zq6d7r5bpaxuslc45vgsiqo6i3ebshkqpgrnma.b32.i2p/
sam-http.go:406: [SAM client connecting 127.0.0.1:7656]
sam-http.go:391: LOG:  [Setting Transport]
sam-http.go:391: LOG:  [Setting Dial function]
sam-http.go:391: LOG:  [Initializing sub-client]
sam-http.go:391: LOG:  [cleanURL Trim 0 http://lqnwvwsgio6k53zq6d7r5bpaxuslc45vgsiqo6i3ebshkqpgrnma.b32.i2p/]
sam-http.go:391: LOG:  [cleanURL Request URL lqnwvwsgio6k53zq6d7r5bpaxuslc45vgsiqo6i3ebshkqpgrnma.b32.i2p/]
sam-http.go:391: LOG:  [cleanURL Trim 2 lqnwvwsgio6k53zq6d7r5bpaxuslc45vgsiqo6i3ebshkqpgrnma.b32.i2p]
sam-http.go:391: LOG:  [Setting up micro-proxy for: http://lqnwvwsgio6k53zq6d7r5bpaxuslc45vgsiqo6i3ebshkqpgrnma.b32.i2p]
sam-http.go:391: LOG:  [in Directory lqnwvwsgio6k53zq6d7r5bpaxuslc45vgsiqo6i3ebshkqpgrnma.b32.i2p/]
sam-http.go:406: [Directory Check lqnwvwsgio6k53zq6d7r5bpaxuslc45vgsiqo6i3ebshkqpgrnma.b32.i2p]
sam-http.go:391: LOG:  [Creating a connection: lqnwvwsgio6k53zq6d7r5bpaxuslc45vgsiqo6i3ebshkqpgrnma.b32.i2p]
sam-http.go:406: [Path Check lqnwvwsgio6k53zq6d7r5bpaxuslc45vgsiqo6i3ebshkqpgrnma.b32.i2p/send]
sam-http.go:391: LOG:  [Preparing to create Pipe: lqnwvwsgio6k53zq6d7r5bpaxuslc45vgsiqo6i3ebshkqpgrnma.b32.i2p/send]
sam-http.go:406: [Creating File lqnwvwsgio6k53zq6d7r5bpaxuslc45vgsiqo6i3ebshkqpgrnma.b32.i2p/send]
sam-http.go:391: LOG:  [checking for problems...]
sam-http.go:391: LOG:  [Opening the Named Pipe as a File...]
sam-http.go:391: LOG:  [Opening the Named Pipe as a Buffer...]
sam-http.go:391: LOG:  [Created a named Pipe for sending requests: lqnwvwsgio6k53zq6d7r5bpaxuslc45vgsiqo6i3ebshkqpgrnma.b32.i2p/send]
sam-http.go:406: [Name File Check lqnwvwsgio6k53zq6d7r5bpaxuslc45vgsiqo6i3ebshkqpgrnma.b32.i2p/name]
sam-http.go:391: LOG:  [Preparing to create File: lqnwvwsgio6k53zq6d7r5bpaxuslc45vgsiqo6i3ebshkqpgrnma.b32.i2p/name]
sam-http.go:406: [Creating File lqnwvwsgio6k53zq6d7r5bpaxuslc45vgsiqo6i3ebshkqpgrnma.b32.i2p/name]
sam-http.go:391: LOG:  [checking for problems...]
sam-http.go:391: LOG:  [Opening the File...]
sam-http.go:391: LOG:  [Created a File for the full name: lqnwvwsgio6k53zq6d7r5bpaxuslc45vgsiqo6i3ebshkqpgrnma.b32.i2p/name]
sam-http.go:406: [ID File Check lqnwvwsgio6k53zq6d7r5bpaxuslc45vgsiqo6i3ebshkqpgrnma.b32.i2p/id]
sam-http.go:391: LOG:  [Preparing to create File: lqnwvwsgio6k53zq6d7r5bpaxuslc45vgsiqo6i3ebshkqpgrnma.b32.i2p/id]
sam-http.go:406: [Creating File lqnwvwsgio6k53zq6d7r5bpaxuslc45vgsiqo6i3ebshkqpgrnma.b32.i2p/id]
sam-http.go:391: LOG:  [checking for problems...]
sam-http.go:391: LOG:  [Opening the File...]
sam-http.go:391: LOG:  [Created a File for the full id: lqnwvwsgio6k53zq6d7r5bpaxuslc45vgsiqo6i3ebshkqpgrnma.b32.i2p/id]
sam-http.go:406: [Local Base64 File Check lqnwvwsgio6k53zq6d7r5bpaxuslc45vgsiqo6i3ebshkqpgrnma.b32.i2p/base64]
sam-http.go:391: LOG:  [Preparing to create File: lqnwvwsgio6k53zq6d7r5bpaxuslc45vgsiqo6i3ebshkqpgrnma.b32.i2p/base64]
sam-http.go:406: [Creating File lqnwvwsgio6k53zq6d7r5bpaxuslc45vgsiqo6i3ebshkqpgrnma.b32.i2p/base64]
sam-http.go:391: LOG:  [checking for problems...]
sam-http.go:391: LOG:  [Opening the File...]
sam-http.go:391: LOG:  [Created a File for the full local base64: lqnwvwsgio6k53zq6d7r5bpaxuslc45vgsiqo6i3ebshkqpgrnma.b32.i2p/base64]
sam-http.go:391: LOG:  [seeing if the connection needs a name:]
sam-http.go:391: LOG:  [cleanURL Trim 0 http://lqnwvwsgio6k53zq6d7r5bpaxuslc45vgsiqo6i3ebshkqpgrnma.b32.i2p/]
sam-http.go:391: LOG:  [cleanURL Request URL lqnwvwsgio6k53zq6d7r5bpaxuslc45vgsiqo6i3ebshkqpgrnma.b32.i2p/]
sam-http.go:391: LOG:  [cleanURL Trim 2 lqnwvwsgio6k53zq6d7r5bpaxuslc45vgsiqo6i3ebshkqpgrnma.b32.i2p]
sam-http.go:391: LOG:  [Setting up micro-proxy for: http://lqnwvwsgio6k53zq6d7r5bpaxuslc45vgsiqo6i3ebshkqpgrnma.b32.i2p]
sam-http.go:391: LOG:  [in Directory lqnwvwsgio6k53zq6d7r5bpaxuslc45vgsiqo6i3ebshkqpgrnma.b32.i2p/]
sam-http.go:391: LOG:  [Setting hostname: lqnwvwsgio6k53zq6d7r5bpaxuslc45vgsiqo6i3ebshkqpgrnma.b32.i2p]
sam-http.go:406: [Directory Check lqnwvwsgio6k53zq6d7r5bpaxuslc45vgsiqo6i3ebshkqpgrnma.b32.i2p]
sam-http.go:406: [Path Check lqnwvwsgio6k53zq6d7r5bpaxuslc45vgsiqo6i3ebshkqpgrnma.b32.i2p/send]
sam-http.go:406: [Name File Check lqnwvwsgio6k53zq6d7r5bpaxuslc45vgsiqo6i3ebshkqpgrnma.b32.i2p/name]
sam-http.go:406: [ID File Check lqnwvwsgio6k53zq6d7r5bpaxuslc45vgsiqo6i3ebshkqpgrnma.b32.i2p/id]
sam-http.go:406: [Local Base64 File Check lqnwvwsgio6k53zq6d7r5bpaxuslc45vgsiqo6i3ebshkqpgrnma.b32.i2p/base64]
sam-http.go:391: LOG:  [Looking up hostname: lqnwvwsgio6k53zq6d7r5bpaxuslc45vgsiqo6i3ebshkqpgrnma.b32.i2p]
sam-http.go:391: LOG:  [Caching base64 address of: lqnwvwsgio6k53zq6d7r5bpaxuslc45vgsiqo6i3ebshkqpgrnma.b32.i2p ozBf5~16UohGWTIgQ-ezAEmNQDa0~uPcG9BhUZuKZzJOvFCJf0MNb2THn-u6Fe3HiBZ-hKV5dHYx1XV8TsSX7SwbxKUEPw7ADmhSEHohYRZYQHNzCmGE4pXmb0AJ6~-2hlqpsE-e9gCYfxPDrVMV3-dcTeXE5iso3hnxyZrrDwSOcWkfnXAl3aB5KWp5ivELaHIwjDsw95iTCZj8s3M3cHhYrOQik1NL~w98aqgC4jsDPFdpzdhfjW38WXn3US1kxS8p9lxgpKxpORCpddSo32-ACfe9PJhVN0F~HTDK0IYfBzjtLIw3eopCDDpnK19xm4US6bjvplhOEPyjQ4hrssuYfk~LU-Qn7rv-S1LGmzdCoVRLAnbMxBSp86sZxRYsxpURvs1tBhP3Ojcv71e7JphYgXUXcVa2OnkOMwGCYKudTHz2dAiZGzEqAVBhb0nthVo7uZWvM-2Sev6m2QNfFPntnNi-upSDbmHIPT3dhtGpW7m-v4xbnPjNemQCHteBBQAEAAEAAA==]
sam-http.go:396: [Cachine Base64 Address of: http://lqnwvwsgio6k53zq6d7r5bpaxuslc45vgsiqo6i3ebshkqpgrnma.b32.i2p/]
sam-http.go:361: Tunnel id:  1452836595
sam-http.go:391: LOG:  [Tunnel dest:  ts845hJSy2q0Dr8fs~f~B7TbgJnXsSxQ4MjwjgR9yRPUd~lzPftDAZkzhgVL~MUtNGcv0f2Q8Z25PT5A6RvWOKhw4VGcRNObqkmOLa3YhSmJXaPC~KEkQRtYdiDE2keDE6RsExbaU5T-fnCuuEsY4eaiOc4aWApQHOPfDquhutL3ZRjB39yKXpbOZza8ac1RDc4LdyO5qAgUYhuH9RioI8AK-fjR7jED-G0obuT7DxUWK0QuILbogFUCdN2HllcxRp3ReVqDXSouSLqYT2Cgx32jetqxsOT-titaFF2kjVdnQMmnKir8lpOvOQp9otPynxEbl-kGUrnlOWjM-BkKIgxe-VXFjZtXtiN3QZ98a4iXVvMb5NdERfudaxaaV601QVhmTtzRzS8-BVOGPywO4oK1aAyC8Q9l50ndyeB7Mycdfa~c1WGFypRYfl-YBBD3B37w4j~EegYIFqRsHPlzOXEQLzRjMAANyEsGLjmiU5Rpfvq0Ip6rHHpzaGcYyzfDAAAAL6wZKdr-hKy2HqzNgJyICI686WjnME-PR6OBaFEZXd6~OopKUhHxT2U~HGc6Yco98HOjRJUIXiQEWUzXCJQVjcu8J4aXgclRjB2O~nuOXJ6pW8JthVmUx12upvSL0pW495LdukMVJiDGwg63tjXrXi0y6LDpOSzOHEb2E4RUUFp6QD-PvPvaG09H5iQ8QSIvUOBzdsbYCu0IkvwbXDsuWlnvcb8gi7oJ-iLKxDKtHmLFSJEL3O9CRk~Ez11Dipzh4mB5--tnlZDrZc0rJgy-7~919cRBC4HVG9oB8uUOSbGN8VmE-8K8HU~0u8ddhKhND3k~naKGz2WXQZT8Bn74SD-MbZLs-cTFaVUyTNdYreuVFf8k]
sam-http.go:391: LOG:  [New Connection Name:  ts845hJSy2q0Dr8fs~f~B7TbgJnXsSxQ4MjwjgR9yRPUd~lzPftDAZkzhgVL~MUtNGcv0f2Q8Z25PT5A6RvWOKhw4VGcRNObqkmOLa3YhSmJXaPC~KEkQRtYdiDE2keDE6RsExbaU5T-fnCuuEsY4eaiOc4aWApQHOPfDquhutL3ZRjB39yKXpbOZza8ac1RDc4LdyO5qAgUYhuH9RioI8AK-fjR7jED-G0obuT7DxUWK0QuILbogFUCdN2HllcxRp3ReVqDXSouSLqYT2Cgx32jetqxsOT-titaFF2kjVdnQMmnKir8lpOvOQp9otPynxEbl-kGUrnlOWjM-BkKIgxe-VXFjZtXtiN3QZ98a4iXVvMb5NdERfudaxaaV601QVhmTtzRzS8-BVOGPywO4oK1aAyC8Q9l50ndyeB7Mycdfa~c1WGFypRYfl-YBBD3B37w4j~EegYIFqRsHPlzOXEQLzRjMAANyEsGLjmiU5Rpfvq0Ip6rHHpzaGcYyzfDAAAAL6wZKdr-hKy2HqzNgJyICI686WjnME-PR6OBaFEZXd6~OopKUhHxT2U~HGc6Yco98HOjRJUIXiQEWUzXCJQVjcu8J4aXgclRjB2O~nuOXJ6pW8JthVmUx12upvSL0pW495LdukMVJiDGwg63tjXrXi0y6LDpOSzOHEb2E4RUUFp6QD-PvPvaG09H5iQ8QSIvUOBzdsbYCu0IkvwbXDsuWlnvcb8gi7oJ-iLKxDKtHmLFSJEL3O9CRk~Ez11Dipzh4mB5--tnlZDrZc0rJgy-7~919cRBC4HVG9oB8uUOSbGN8VmE-8K8HU~0u8ddhKhND3k~naKGz2WXQZT8Bn74SD-MbZLs-cTFaVUyTNdYreuVFf8k]
sam-url.go:235: Creating a new cache directory.
sam-url.go:211: LOG:  [Requesting directory:  lqnwvwsgio6k53zq6d7r5bpaxuslc45vgsiqo6i3ebshkqpgrnma.b32.i2p//]
sam-url.go:211: LOG:  [Starting Directory Creation lqnwvwsgio6k53zq6d7r5bpaxuslc45vgsiqo6i3ebshkqpgrnma.b32.i2p]
sam-url.go:226: [Directory Check lqnwvwsgio6k53zq6d7r5bpaxuslc45vgsiqo6i3ebshkqpgrnma.b32.i2p]
sam-url.go:226: [Checking file lqnwvwsgio6k53zq6d7r5bpaxuslc45vgsiqo6i3ebshkqpgrnma.b32.i2p/recv]
sam-url.go:226: [Creating file lqnwvwsgio6k53zq6d7r5bpaxuslc45vgsiqo6i3ebshkqpgrnma.b32.i2p/recv]
sam-url.go:211: LOG:  [checking for problems...]
sam-url.go:211: LOG:  [Opening the File...]
sam-url.go:211: LOG:  [Created a File for recieving responses: lqnwvwsgio6k53zq6d7r5bpaxuslc45vgsiqo6i3ebshkqpgrnma.b32.i2p/recv]
sam-url.go:226: [Checking file lqnwvwsgio6k53zq6d7r5bpaxuslc45vgsiqo6i3ebshkqpgrnma.b32.i2p/time]
sam-url.go:226: [Creating file lqnwvwsgio6k53zq6d7r5bpaxuslc45vgsiqo6i3ebshkqpgrnma.b32.i2p/time]
sam-url.go:211: LOG:  [checking for problems...]
sam-url.go:211: LOG:  [Opening the File...]
sam-url.go:211: LOG:  [Created a File for timing responses: lqnwvwsgio6k53zq6d7r5bpaxuslc45vgsiqo6i3ebshkqpgrnma.b32.i2p/time]
sam-url.go:226: [Checking file lqnwvwsgio6k53zq6d7r5bpaxuslc45vgsiqo6i3ebshkqpgrnma.b32.i2p/del]
sam-url.go:226: [Creating file lqnwvwsgio6k53zq6d7r5bpaxuslc45vgsiqo6i3ebshkqpgrnma.b32.i2p/del]
sam-url.go:211: LOG:  [checking for problems...]
sam-url.go:211: LOG:  [Opening the Named Pipe as a File...]
sam-url.go:211: LOG:  [Opening the Named Pipe as a Buffer...]
sam-url.go:211: LOG:  [Created a named Pipe for closing the connection: lqnwvwsgio6k53zq6d7r5bpaxuslc45vgsiqo6i3ebshkqpgrnma.b32.i2p/del]
sam-list.go:150: Checking client requests 1
sam-list.go:151: of 1
sam-http.go:391: LOG:  [cleanURL Trim 0 http://lqnwvwsgio6k53zq6d7r5bpaxuslc45vgsiqo6i3ebshkqpgrnma.b32.i2p/]
sam-http.go:391: LOG:  [cleanURL Request URL lqnwvwsgio6k53zq6d7r5bpaxuslc45vgsiqo6i3ebshkqpgrnma.b32.i2p/]
sam-http.go:391: LOG:  [cleanURL Trim 2 lqnwvwsgio6k53zq6d7r5bpaxuslc45vgsiqo6i3ebshkqpgrnma.b32.i2p]
sam-http.go:391: LOG:  [Request host  lqnwvwsgio6k53zq6d7r5bpaxuslc45vgsiqo6i3ebshkqpgrnma.b32.i2p]
sam-http.go:391: LOG:  [Is equal to client host lqnwvwsgio6k53zq6d7r5bpaxuslc45vgsiqo6i3ebshkqpgrnma.b32.i2p]
sam-list.go:226: LOG:  [Client pipework for %s found. http://lqnwvwsgio6k53zq6d7r5bpaxuslc45vgsiqo6i3ebshkqpgrnma.b32.i2p/]
sam-http.go:391: LOG:  [URL passed validation: http://lqnwvwsgio6k53zq6d7r5bpaxuslc45vgsiqo6i3ebshkqpgrnma.b32.i2p/]
sam-http.go:391: LOG:  [Request will be managed in: lqnwvwsgio6k53zq6d7r5bpaxuslc45vgsiqo6i3ebshkqpgrnma.b32.i2p/]
sam-http.go:391: LOG:  [Getting resource http://lqnwvwsgio6k53zq6d7r5bpaxuslc45vgsiqo6i3ebshkqpgrnma.b32.i2p/ In  lqnwvwsgio6k53zq6d7r5bpaxuslc45vgsiqo6i3ebshkqpgrnma.b32.i2p/]
si-http-proxy.go:116: LOG:  [Client was retrieved:  lqnwvwsgio6k53zq6d7r5bpaxuslc45vgsiqo6i3ebshkqpgrnma.b32.i2p/]
sam-http.go:406: [Initializing SAM connection]
sam-http.go:396: [Connecting SAM streams]
sam-list.go:137: Checking client requests 1
sam-list.go:138: of 1
sam-http.go:391: LOG:  [cleanURL Trim 0 http://lqnwvwsgio6k53zq6d7r5bpaxuslc45vgsiqo6i3ebshkqpgrnma.b32.i2p/]
sam-http.go:391: LOG:  [cleanURL Request URL lqnwvwsgio6k53zq6d7r5bpaxuslc45vgsiqo6i3ebshkqpgrnma.b32.i2p/]
sam-http.go:391: LOG:  [cleanURL Trim 2 lqnwvwsgio6k53zq6d7r5bpaxuslc45vgsiqo6i3ebshkqpgrnma.b32.i2p]
sam-http.go:391: LOG:  [Request host  lqnwvwsgio6k53zq6d7r5bpaxuslc45vgsiqo6i3ebshkqpgrnma.b32.i2p]
sam-http.go:391: LOG:  [Is equal to client host lqnwvwsgio6k53zq6d7r5bpaxuslc45vgsiqo6i3ebshkqpgrnma.b32.i2p]
sam-list.go:226: LOG:  [Client pipework for %s found. http://lqnwvwsgio6k53zq6d7r5bpaxuslc45vgsiqo6i3ebshkqpgrnma.b32.i2p/]
sam-list.go:226: LOG:  [Request sent]
sam-http.go:391: LOG:  [Seeking Subdirectory lqnwvwsgio6k53zq6d7r5bpaxuslc45vgsiqo6i3ebshkqpgrnma.b32.i2p/]
sam-url.go:211: LOG:  [Directory /  lqnwvwsgio6k53zq6d7r5bpaxuslc45vgsiqo6i3ebshkqpgrnma.b32.i2p/ : equals : lqnwvwsgio6k53zq6d7r5bpaxuslc45vgsiqo6i3ebshkqpgrnma.b32.i2p/]
sam-url.go:211: LOG:  [Directory /  lqnwvwsgio6k53zq6d7r5bpaxuslc45vgsiqo6i3ebshkqpgrnma.b32.i2p/ : equals : lqnwvwsgio6k53zq6d7r5bpaxuslc45vgsiqo6i3ebshkqpgrnma.b32.i2p/]
sam-url.go:135: Response Status  200
sam-url.go:211: LOG:  [Setting file in cache]
sam-url.go:216: [Reading response from proxy]
sam-url.go:211: LOG:  [Writing files.]
sam-url.go:211: LOG:  [Retrieval time:  2018-03-13 13:25:08.302733894 -0400 EDT]
si-http-proxy.go:116: LOG:  [SAM-Provided Tunnel Address: 127.0.0.1:58656]
si-http-proxy.go:116: LOG:  [Response Status: 200 OK]
si-http-proxy.go:116: LOG:  [Sanitizing headers: Accept]
si-http-proxy.go:116: LOG:  [Sanitizing headers: Accept-Encoding]
si-http-proxy.go:116: LOG:  [Sanitizing headers: Keep-Alive]
si-http-proxy.go:116: LOG:  [Sanitizing headers: Proxy-Authenticate]
si-http-proxy.go:116: LOG:  [Sanitizing headers: Proxy-Authorization]
si-http-proxy.go:116: LOG:  [Sanitizing headers: Proxy-Connection]
si-http-proxy.go:116: LOG:  [Sanitizing headers: Te]
si-http-proxy.go:116: LOG:  [Sanitizing headers: Trailers]
si-http-proxy.go:116: LOG:  [Sanitizing headers: Transfer-Encoding]
si-http-proxy.go:116: LOG:  [Sanitizing headers: Upgrade]
si-http-proxy.go:116: LOG:  [Sanitizing headers: X-Forwarded-For]
si-http-proxy.go:116: LOG:  [Copying headers: Referer,http://4pvyyb3phqznc6e6fjewty2fpbb4p3ub2q27ojheitcg4nai6p5q.b32.i2p/]
si-http-proxy.go:116: LOG:  [Copying headers: Upgrade-Insecure-Requests,1]
si-http-proxy.go:116: LOG:  [Copying headers: User-Agent,MYOB/6.66 (AN/ON)]
si-http-proxy.go:116: LOG:  [Copying headers: Accept-Language,en-US,en;q=0.5]
si-http-proxy.go:116: LOG:  [Copying headers: Connection,keep-alive]
si-http-proxy.go:116: LOG:  [Copying headers: Cache-Control,max-age=0]
si-http-proxy.go:77: 127.0.0.1:58656   GET   http://4pvyyb3phqznc6e6fjewty2fpbb4p3ub2q27ojheitcg4nai6p5q.b32.i2p/css/styles.css
si-http-proxy.go:57: 127.0.0.1:58656   GET   http://4pvyyb3phqznc6e6fjewty2fpbb4p3ub2q27ojheitcg4nai6p5q.b32.i2p/css/styles.css
si-http-proxy.go:116: LOG:  [http://4pvyyb3phqznc6e6fjewty2fpbb4p3ub2q27ojheitcg4nai6p5q.b32.i2p/css/styles.css]
si-http-proxy.go:116: LOG:  [Sanitizing headers: Accept]
si-http-proxy.go:116: LOG:  [Sanitizing headers: Accept-Encoding]
si-http-proxy.go:116: LOG:  [Sanitizing headers: Keep-Alive]
si-http-proxy.go:116: LOG:  [Sanitizing headers: Proxy-Authenticate]
si-http-proxy.go:116: LOG:  [Sanitizing headers: Proxy-Authorization]
si-http-proxy.go:116: LOG:  [Sanitizing headers: Proxy-Connection]
si-http-proxy.go:116: LOG:  [Sanitizing headers: Te]
si-http-proxy.go:116: LOG:  [Sanitizing headers: Trailers]
si-http-proxy.go:116: LOG:  [Sanitizing headers: Transfer-Encoding]
si-http-proxy.go:116: LOG:  [Sanitizing headers: Upgrade]
si-http-proxy.go:116: LOG:  [Sanitizing headers: X-Forwarded-For]
sam-list.go:137: Checking client requests 1
sam-list.go:138: of 1
sam-http.go:391: LOG:  [cleanURL Trim 0 http://4pvyyb3phqznc6e6fjewty2fpbb4p3ub2q27ojheitcg4nai6p5q.b32.i2p/css/styles.css]
sam-http.go:391: LOG:  [cleanURL Request URL 4pvyyb3phqznc6e6fjewty2fpbb4p3ub2q27ojheitcg4nai6p5q.b32.i2p/css/styles.css]
sam-http.go:391: LOG:  [cleanURL Trim 2 4pvyyb3phqznc6e6fjewty2fpbb4p3ub2q27ojheitcg4nai6p5q.b32.i2p]
sam-http.go:391: LOG:  [Request host  4pvyyb3phqznc6e6fjewty2fpbb4p3ub2q27ojheitcg4nai6p5q.b32.i2p]
sam-http.go:391: LOG:  [Is not equal to client host lqnwvwsgio6k53zq6d7r5bpaxuslc45vgsiqo6i3ebshkqpgrnma.b32.i2p]
sam-list.go:226: LOG:  [Client pipework for %s not found: Creating. http://4pvyyb3phqznc6e6fjewty2fpbb4p3ub2q27ojheitcg4nai6p5q.b32.i2p/css/styles.css]
sam-list.go:226: LOG:  [Appending client to SAM stack.]
sam-http.go:426: Creating a new SAMv3 Client:  http://4pvyyb3phqznc6e6fjewty2fpbb4p3ub2q27ojheitcg4nai6p5q.b32.i2p/css/styles.css
sam-http.go:406: [SAM client connecting 127.0.0.1:7656]
sam-http.go:391: LOG:  [Setting Transport]
sam-http.go:391: LOG:  [Setting Dial function]
sam-http.go:391: LOG:  [Initializing sub-client]
sam-http.go:391: LOG:  [cleanURL Trim 0 http://4pvyyb3phqznc6e6fjewty2fpbb4p3ub2q27ojheitcg4nai6p5q.b32.i2p/css/styles.css]
sam-http.go:391: LOG:  [cleanURL Request URL 4pvyyb3phqznc6e6fjewty2fpbb4p3ub2q27ojheitcg4nai6p5q.b32.i2p/css/styles.css]
sam-http.go:391: LOG:  [cleanURL Trim 2 4pvyyb3phqznc6e6fjewty2fpbb4p3ub2q27ojheitcg4nai6p5q.b32.i2p]
sam-http.go:391: LOG:  [Setting up micro-proxy for: http://4pvyyb3phqznc6e6fjewty2fpbb4p3ub2q27ojheitcg4nai6p5q.b32.i2p]
sam-http.go:391: LOG:  [in Directory 4pvyyb3phqznc6e6fjewty2fpbb4p3ub2q27ojheitcg4nai6p5q.b32.i2p/css/styles.css]
sam-http.go:406: [Directory Check 4pvyyb3phqznc6e6fjewty2fpbb4p3ub2q27ojheitcg4nai6p5q.b32.i2p]
sam-http.go:391: LOG:  [Creating a connection: 4pvyyb3phqznc6e6fjewty2fpbb4p3ub2q27ojheitcg4nai6p5q.b32.i2p]
sam-http.go:406: [Path Check 4pvyyb3phqznc6e6fjewty2fpbb4p3ub2q27ojheitcg4nai6p5q.b32.i2p/send]
sam-http.go:391: LOG:  [Preparing to create Pipe: 4pvyyb3phqznc6e6fjewty2fpbb4p3ub2q27ojheitcg4nai6p5q.b32.i2p/send]
sam-http.go:406: [Creating File 4pvyyb3phqznc6e6fjewty2fpbb4p3ub2q27ojheitcg4nai6p5q.b32.i2p/send]
sam-http.go:391: LOG:  [checking for problems...]
sam-http.go:391: LOG:  [Opening the Named Pipe as a File...]
sam-http.go:391: LOG:  [Opening the Named Pipe as a Buffer...]
sam-http.go:391: LOG:  [Created a named Pipe for sending requests: 4pvyyb3phqznc6e6fjewty2fpbb4p3ub2q27ojheitcg4nai6p5q.b32.i2p/send]
sam-http.go:406: [Name File Check 4pvyyb3phqznc6e6fjewty2fpbb4p3ub2q27ojheitcg4nai6p5q.b32.i2p/name]
sam-http.go:391: LOG:  [Preparing to create File: 4pvyyb3phqznc6e6fjewty2fpbb4p3ub2q27ojheitcg4nai6p5q.b32.i2p/name]
sam-http.go:406: [Creating File 4pvyyb3phqznc6e6fjewty2fpbb4p3ub2q27ojheitcg4nai6p5q.b32.i2p/name]
sam-http.go:391: LOG:  [checking for problems...]
sam-http.go:391: LOG:  [Opening the File...]
sam-http.go:391: LOG:  [Created a File for the full name: 4pvyyb3phqznc6e6fjewty2fpbb4p3ub2q27ojheitcg4nai6p5q.b32.i2p/name]
sam-http.go:406: [ID File Check 4pvyyb3phqznc6e6fjewty2fpbb4p3ub2q27ojheitcg4nai6p5q.b32.i2p/id]
sam-http.go:391: LOG:  [Preparing to create File: 4pvyyb3phqznc6e6fjewty2fpbb4p3ub2q27ojheitcg4nai6p5q.b32.i2p/id]
sam-http.go:406: [Creating File 4pvyyb3phqznc6e6fjewty2fpbb4p3ub2q27ojheitcg4nai6p5q.b32.i2p/id]
sam-http.go:391: LOG:  [checking for problems...]
sam-http.go:391: LOG:  [Opening the File...]
sam-http.go:391: LOG:  [Created a File for the full id: 4pvyyb3phqznc6e6fjewty2fpbb4p3ub2q27ojheitcg4nai6p5q.b32.i2p/id]
sam-http.go:406: [Local Base64 File Check 4pvyyb3phqznc6e6fjewty2fpbb4p3ub2q27ojheitcg4nai6p5q.b32.i2p/base64]
sam-http.go:391: LOG:  [Preparing to create File: 4pvyyb3phqznc6e6fjewty2fpbb4p3ub2q27ojheitcg4nai6p5q.b32.i2p/base64]
sam-http.go:406: [Creating File 4pvyyb3phqznc6e6fjewty2fpbb4p3ub2q27ojheitcg4nai6p5q.b32.i2p/base64]
sam-http.go:391: LOG:  [checking for problems...]
sam-http.go:391: LOG:  [Opening the File...]
sam-http.go:391: LOG:  [Created a File for the full local base64: 4pvyyb3phqznc6e6fjewty2fpbb4p3ub2q27ojheitcg4nai6p5q.b32.i2p/base64]
sam-http.go:391: LOG:  [seeing if the connection needs a name:]
sam-http.go:391: LOG:  [cleanURL Trim 0 http://4pvyyb3phqznc6e6fjewty2fpbb4p3ub2q27ojheitcg4nai6p5q.b32.i2p/css/styles.css]
sam-http.go:391: LOG:  [cleanURL Request URL 4pvyyb3phqznc6e6fjewty2fpbb4p3ub2q27ojheitcg4nai6p5q.b32.i2p/css/styles.css]
sam-http.go:391: LOG:  [cleanURL Trim 2 4pvyyb3phqznc6e6fjewty2fpbb4p3ub2q27ojheitcg4nai6p5q.b32.i2p]
sam-http.go:391: LOG:  [Setting up micro-proxy for: http://4pvyyb3phqznc6e6fjewty2fpbb4p3ub2q27ojheitcg4nai6p5q.b32.i2p]
sam-http.go:391: LOG:  [in Directory 4pvyyb3phqznc6e6fjewty2fpbb4p3ub2q27ojheitcg4nai6p5q.b32.i2p/css/styles.css]
sam-http.go:391: LOG:  [Setting hostname: 4pvyyb3phqznc6e6fjewty2fpbb4p3ub2q27ojheitcg4nai6p5q.b32.i2p]
sam-http.go:406: [Directory Check 4pvyyb3phqznc6e6fjewty2fpbb4p3ub2q27ojheitcg4nai6p5q.b32.i2p]
sam-http.go:406: [Path Check 4pvyyb3phqznc6e6fjewty2fpbb4p3ub2q27ojheitcg4nai6p5q.b32.i2p/send]
sam-http.go:406: [Name File Check 4pvyyb3phqznc6e6fjewty2fpbb4p3ub2q27ojheitcg4nai6p5q.b32.i2p/name]
sam-http.go:406: [ID File Check 4pvyyb3phqznc6e6fjewty2fpbb4p3ub2q27ojheitcg4nai6p5q.b32.i2p/id]
sam-http.go:406: [Local Base64 File Check 4pvyyb3phqznc6e6fjewty2fpbb4p3ub2q27ojheitcg4nai6p5q.b32.i2p/base64]
sam-http.go:391: LOG:  [Looking up hostname: 4pvyyb3phqznc6e6fjewty2fpbb4p3ub2q27ojheitcg4nai6p5q.b32.i2p]
si-http-proxy.go:77: 127.0.0.1:58708   CONNECT   //api.ipify.org:443
si-http-proxy.go:57: 127.0.0.1:58708   CONNECT   //api.ipify.org:443
si-http-proxy.go:116: LOG:  [Dropping https request for now, assumed attempt to get clearnet resource.]
sam-http.go:391: LOG:  [Caching base64 address of: 4pvyyb3phqznc6e6fjewty2fpbb4p3ub2q27ojheitcg4nai6p5q.b32.i2p Ul4EMMh7rL1kXFopT5l6QA5n691ruTwH5wXFofp~jXPRtzrZfiI8x6UdPaMMphjtLlS0kOt0dpXwe~xuq6~f49S067jHrac~~tgle459OUXMy3rYOKLSUCHO~Ed386zbTJec-swP312ctGvHWOgBPzTW~jzcIPdVnw03TgpOeDjTXKRMdrGBgkRc~O0rMeHSNk7YeT7TDxRR9NUCfUl7KxUoKbPniur9-sCalM8IqCiaETuq-sg-QPMZ40lzzx7P8IciMn3v5RoCcx1c5sHhI01-EPhoBR4fsMcACpw~ivE0amK7WKGJg8nx31dRPTnaG~s1HQSPGsLrv5NiCIeTBxoBFfT607XPPcMdoPPpTKvCjWGythMNiSi-CyKDIZnQQZxaxE0SGw7iReIDpVzKPhM1nJAxA~yD-DWwUFrLUpx6V4LQOTeJ2nUw3Q90V4FZ1qBrteN-Zuq~B55OMbS9zEG3zJP-lM~DhpOeDWf0pK9YwW-s9XlPsQXRgpHb74vEBQAEAAEAAA==]
si-http-proxy.go:77: 127.0.0.1:58710   GET   http://detectportal.firefox.com/success.txt
si-http-proxy.go:57: 127.0.0.1:58710   GET   http://detectportal.firefox.com/success.txt
si-http-proxy.go:116: LOG:  [http://detectportal.firefox.com/success.txt]
si-http-proxy.go:116: LOG:  [Sanitizing headers: Accept]
si-http-proxy.go:116: LOG:  [Sanitizing headers: Accept-Encoding]
si-http-proxy.go:116: LOG:  [Sanitizing headers: Keep-Alive]
si-http-proxy.go:116: LOG:  [Sanitizing headers: Proxy-Authenticate]
si-http-proxy.go:116: LOG:  [Sanitizing headers: Proxy-Authorization]
si-http-proxy.go:116: LOG:  [Sanitizing headers: Proxy-Connection]
si-http-proxy.go:116: LOG:  [Sanitizing headers: Te]
si-http-proxy.go:116: LOG:  [Sanitizing headers: Trailers]
si-http-proxy.go:116: LOG:  [Sanitizing headers: Transfer-Encoding]
si-http-proxy.go:116: LOG:  [Sanitizing headers: Upgrade]
si-http-proxy.go:116: LOG:  [Sanitizing headers: X-Forwarded-For]
si-http-proxy.go:116: LOG:  [Client was retrieved:  ]
si-http-proxy.go:77: 127.0.0.1:58710   GET   http://detectportal.firefox.com/success.txt
si-http-proxy.go:57: 127.0.0.1:58710   GET   http://detectportal.firefox.com/success.txt
si-http-proxy.go:116: LOG:  [http://detectportal.firefox.com/success.txt]
si-http-proxy.go:116: LOG:  [Sanitizing headers: Accept]
si-http-proxy.go:116: LOG:  [Sanitizing headers: Accept-Encoding]
si-http-proxy.go:116: LOG:  [Sanitizing headers: Keep-Alive]
si-http-proxy.go:116: LOG:  [Sanitizing headers: Proxy-Authenticate]
si-http-proxy.go:116: LOG:  [Sanitizing headers: Proxy-Authorization]
si-http-proxy.go:116: LOG:  [Sanitizing headers: Proxy-Connection]
si-http-proxy.go:116: LOG:  [Sanitizing headers: Te]
si-http-proxy.go:116: LOG:  [Sanitizing headers: Trailers]
si-http-proxy.go:116: LOG:  [Sanitizing headers: Transfer-Encoding]
si-http-proxy.go:116: LOG:  [Sanitizing headers: Upgrade]
si-http-proxy.go:116: LOG:  [Sanitizing headers: X-Forwarded-For]
si-http-proxy.go:116: LOG:  [Client was retrieved:  ]
si-http-proxy.go:77: 127.0.0.1:58710   GET   http://detectportal.firefox.com/success.txt
si-http-proxy.go:57: 127.0.0.1:58710   GET   http://detectportal.firefox.com/success.txt
si-http-proxy.go:116: LOG:  [http://detectportal.firefox.com/success.txt]
si-http-proxy.go:116: LOG:  [Sanitizing headers: Accept]
si-http-proxy.go:116: LOG:  [Sanitizing headers: Accept-Encoding]
si-http-proxy.go:116: LOG:  [Sanitizing headers: Keep-Alive]
si-http-proxy.go:116: LOG:  [Sanitizing headers: Proxy-Authenticate]
si-http-proxy.go:116: LOG:  [Sanitizing headers: Proxy-Authorization]
si-http-proxy.go:116: LOG:  [Sanitizing headers: Proxy-Connection]
si-http-proxy.go:116: LOG:  [Sanitizing headers: Te]
si-http-proxy.go:116: LOG:  [Sanitizing headers: Trailers]
si-http-proxy.go:116: LOG:  [Sanitizing headers: Transfer-Encoding]
si-http-proxy.go:116: LOG:  [Sanitizing headers: Upgrade]
si-http-proxy.go:116: LOG:  [Sanitizing headers: X-Forwarded-For]
si-http-proxy.go:116: LOG:  [Client was retrieved:  ]
si-http-proxy.go:77: 127.0.0.1:58710   GET   http://detectportal.firefox.com/success.txt
si-http-proxy.go:57: 127.0.0.1:58710   GET   http://detectportal.firefox.com/success.txt
si-http-proxy.go:116: LOG:  [http://detectportal.firefox.com/success.txt]
si-http-proxy.go:116: LOG:  [Sanitizing headers: Accept]
si-http-proxy.go:116: LOG:  [Sanitizing headers: Accept-Encoding]
si-http-proxy.go:116: LOG:  [Sanitizing headers: Keep-Alive]
si-http-proxy.go:116: LOG:  [Sanitizing headers: Proxy-Authenticate]
si-http-proxy.go:116: LOG:  [Sanitizing headers: Proxy-Authorization]
si-http-proxy.go:116: LOG:  [Sanitizing headers: Proxy-Connection]
si-http-proxy.go:116: LOG:  [Sanitizing headers: Te]
si-http-proxy.go:116: LOG:  [Sanitizing headers: Trailers]
si-http-proxy.go:116: LOG:  [Sanitizing headers: Transfer-Encoding]
si-http-proxy.go:116: LOG:  [Sanitizing headers: Upgrade]
si-http-proxy.go:116: LOG:  [Sanitizing headers: X-Forwarded-For]
si-http-proxy.go:116: LOG:  [Client was retrieved:  ]
si-http-proxy.go:77: 127.0.0.1:58710   GET   http://detectportal.firefox.com/success.txt
si-http-proxy.go:57: 127.0.0.1:58710   GET   http://detectportal.firefox.com/success.txt
si-http-proxy.go:116: LOG:  [http://detectportal.firefox.com/success.txt]
si-http-proxy.go:116: LOG:  [Sanitizing headers: Accept]
si-http-proxy.go:116: LOG:  [Sanitizing headers: Accept-Encoding]
si-http-proxy.go:116: LOG:  [Sanitizing headers: Keep-Alive]
si-http-proxy.go:116: LOG:  [Sanitizing headers: Proxy-Authenticate]
si-http-proxy.go:116: LOG:  [Sanitizing headers: Proxy-Authorization]
si-http-proxy.go:116: LOG:  [Sanitizing headers: Proxy-Connection]
si-http-proxy.go:116: LOG:  [Sanitizing headers: Te]
si-http-proxy.go:116: LOG:  [Sanitizing headers: Trailers]
si-http-proxy.go:116: LOG:  [Sanitizing headers: Transfer-Encoding]
si-http-proxy.go:116: LOG:  [Sanitizing headers: Upgrade]
si-http-proxy.go:116: LOG:  [Sanitizing headers: X-Forwarded-For]
si-http-proxy.go:116: LOG:  [Client was retrieved:  ]
si-http-proxy.go:77: 127.0.0.1:58710   GET   http://detectportal.firefox.com/success.txt
si-http-proxy.go:57: 127.0.0.1:58710   GET   http://detectportal.firefox.com/success.txt
si-http-proxy.go:116: LOG:  [http://detectportal.firefox.com/success.txt]
si-http-proxy.go:116: LOG:  [Sanitizing headers: Accept]
si-http-proxy.go:116: LOG:  [Sanitizing headers: Accept-Encoding]
si-http-proxy.go:116: LOG:  [Sanitizing headers: Keep-Alive]
si-http-proxy.go:116: LOG:  [Sanitizing headers: Proxy-Authenticate]
si-http-proxy.go:116: LOG:  [Sanitizing headers: Proxy-Authorization]
si-http-proxy.go:116: LOG:  [Sanitizing headers: Proxy-Connection]
si-http-proxy.go:116: LOG:  [Sanitizing headers: Te]
si-http-proxy.go:116: LOG:  [Sanitizing headers: Trailers]
si-http-proxy.go:116: LOG:  [Sanitizing headers: Transfer-Encoding]
si-http-proxy.go:116: LOG:  [Sanitizing headers: Upgrade]
si-http-proxy.go:116: LOG:  [Sanitizing headers: X-Forwarded-For]
si-http-proxy.go:116: LOG:  [Client was retrieved:  ]
si-http-proxy.go:77: 127.0.0.1:58710   GET   http://detectportal.firefox.com/success.txt
si-http-proxy.go:57: 127.0.0.1:58710   GET   http://detectportal.firefox.com/success.txt
si-http-proxy.go:116: LOG:  [http://detectportal.firefox.com/success.txt]
si-http-proxy.go:116: LOG:  [Sanitizing headers: Accept]
si-http-proxy.go:116: LOG:  [Sanitizing headers: Accept-Encoding]
si-http-proxy.go:116: LOG:  [Sanitizing headers: Keep-Alive]
si-http-proxy.go:116: LOG:  [Sanitizing headers: Proxy-Authenticate]
si-http-proxy.go:116: LOG:  [Sanitizing headers: Proxy-Authorization]
si-http-proxy.go:116: LOG:  [Sanitizing headers: Proxy-Connection]
si-http-proxy.go:116: LOG:  [Sanitizing headers: Te]
si-http-proxy.go:116: LOG:  [Sanitizing headers: Trailers]
si-http-proxy.go:116: LOG:  [Sanitizing headers: Transfer-Encoding]
si-http-proxy.go:116: LOG:  [Sanitizing headers: Upgrade]
si-http-proxy.go:116: LOG:  [Sanitizing headers: X-Forwarded-For]
si-http-proxy.go:116: LOG:  [Client was retrieved:  ]
sam-http.go:396: [Cachine Base64 Address of: http://4pvyyb3phqznc6e6fjewty2fpbb4p3ub2q27ojheitcg4nai6p5q.b32.i2p/css/styles.css]
sam-http.go:361: Tunnel id:  1375664157
sam-http.go:391: LOG:  [Tunnel dest:  qTrJZswrU01uN9C5yiJNe5Z1yo7pHNd5fHbi84X6tUWSL-O4t4Hk5zzQF~~NY75qGU98jgA0I10ysHcygSOrrFpGRB3VI4zfzkBnX6szqjVAvwOp2rsRF587ehgmPSZ7ISvNhuqmCshjxoYco4ePV9rnSFWCXlvHHGih9xbTz1NlHXP-MtaxMoQlVXo~SPiLgt7yX1BrtUrFVqUw9mbGlty6e8xJnEc5D-nusA6RgbWDcnLJ3NhOU-sHAF6hzjOzYGkJ1aea09ttwROCrSw9y8eBF~m5TQ6UgXdD5bj0nMVnjQJzaR8wcokW0cQWwbTUtExnsLUm8lcZkBHLLZGDelWo9b6U2YsRPicC-igRI1oIChstkBoo95cMV8NTGnDZY6FO6cxtb41W-iKGncoQ5Y2omWhtIiOlAR8Z-D0Vm8qYuxojqaLlNz45FSZpbWaxd9Obbt5FWiBMX~-tu8Pqd3JO1AWy2RKA~KwP-1pKUk1tK7l4VsZ~vuwDTRSJZ8bFAAAApCXqnRZWFVBqKnqQUpuSUoCbIQ4PINx9pUdolIMBh8n~axraqBDnWJXDU6k3MHPzH6GQL4e0oKnnZMVHfMveWz5yX8FFO7Flk3Ql~5oh6cbrBHAKf~5~XL3mvIj1Zw78MwSsSu45h2UTdz4O67kmf5tWKwyWVAqxceXbBbHW4-zr0ug4i4n47Zsiz1TW5IE3lDVosJtuYb9X4HVuq5eAYfRHDVY2m5JNyCQvx7r0gT1JexqZNwH4VjR9pWoZIYksxn3y4qF~4YgHvxQ8rTbCIQxy7m8dDp-2ilEZob1X68HKnS81VI1XNqesqmub7A5BBWVPriKU8N1ICQqQFqiJ1wlidQD4QCa97sRMLmsIUTfL3Uyo]
sam-http.go:391: LOG:  [New Connection Name:  qTrJZswrU01uN9C5yiJNe5Z1yo7pHNd5fHbi84X6tUWSL-O4t4Hk5zzQF~~NY75qGU98jgA0I10ysHcygSOrrFpGRB3VI4zfzkBnX6szqjVAvwOp2rsRF587ehgmPSZ7ISvNhuqmCshjxoYco4ePV9rnSFWCXlvHHGih9xbTz1NlHXP-MtaxMoQlVXo~SPiLgt7yX1BrtUrFVqUw9mbGlty6e8xJnEc5D-nusA6RgbWDcnLJ3NhOU-sHAF6hzjOzYGkJ1aea09ttwROCrSw9y8eBF~m5TQ6UgXdD5bj0nMVnjQJzaR8wcokW0cQWwbTUtExnsLUm8lcZkBHLLZGDelWo9b6U2YsRPicC-igRI1oIChstkBoo95cMV8NTGnDZY6FO6cxtb41W-iKGncoQ5Y2omWhtIiOlAR8Z-D0Vm8qYuxojqaLlNz45FSZpbWaxd9Obbt5FWiBMX~-tu8Pqd3JO1AWy2RKA~KwP-1pKUk1tK7l4VsZ~vuwDTRSJZ8bFAAAApCXqnRZWFVBqKnqQUpuSUoCbIQ4PINx9pUdolIMBh8n~axraqBDnWJXDU6k3MHPzH6GQL4e0oKnnZMVHfMveWz5yX8FFO7Flk3Ql~5oh6cbrBHAKf~5~XL3mvIj1Zw78MwSsSu45h2UTdz4O67kmf5tWKwyWVAqxceXbBbHW4-zr0ug4i4n47Zsiz1TW5IE3lDVosJtuYb9X4HVuq5eAYfRHDVY2m5JNyCQvx7r0gT1JexqZNwH4VjR9pWoZIYksxn3y4qF~4YgHvxQ8rTbCIQxy7m8dDp-2ilEZob1X68HKnS81VI1XNqesqmub7A5BBWVPriKU8N1ICQqQFqiJ1wlidQD4QCa97sRMLmsIUTfL3Uyo]
sam-url.go:235: Creating a new cache directory.
sam-url.go:211: LOG:  [Requesting directory:  4pvyyb3phqznc6e6fjewty2fpbb4p3ub2q27ojheitcg4nai6p5q.b32.i2p/css/styles.css/]
sam-url.go:211: LOG:  [Starting Directory Creation 4pvyyb3phqznc6e6fjewty2fpbb4p3ub2q27ojheitcg4nai6p5q.b32.i2p/css/styles.css]
sam-url.go:226: [Directory Check 4pvyyb3phqznc6e6fjewty2fpbb4p3ub2q27ojheitcg4nai6p5q.b32.i2p/css/styles.css]
sam-url.go:211: LOG:  [Creating a connection: 4pvyyb3phqznc6e6fjewty2fpbb4p3ub2q27ojheitcg4nai6p5q.b32.i2p/css/styles.css]
sam-url.go:226: [Checking file 4pvyyb3phqznc6e6fjewty2fpbb4p3ub2q27ojheitcg4nai6p5q.b32.i2p/css/styles.css/recv]
sam-url.go:226: [Creating file 4pvyyb3phqznc6e6fjewty2fpbb4p3ub2q27ojheitcg4nai6p5q.b32.i2p/css/styles.css/recv]
sam-url.go:211: LOG:  [checking for problems...]
sam-url.go:211: LOG:  [Opening the File...]
sam-url.go:211: LOG:  [Created a File for recieving responses: 4pvyyb3phqznc6e6fjewty2fpbb4p3ub2q27ojheitcg4nai6p5q.b32.i2p/css/styles.css/recv]
sam-url.go:226: [Checking file 4pvyyb3phqznc6e6fjewty2fpbb4p3ub2q27ojheitcg4nai6p5q.b32.i2p/css/styles.css/time]
sam-url.go:226: [Creating file 4pvyyb3phqznc6e6fjewty2fpbb4p3ub2q27ojheitcg4nai6p5q.b32.i2p/css/styles.css/time]
sam-url.go:211: LOG:  [checking for problems...]
sam-url.go:211: LOG:  [Opening the File...]
sam-url.go:211: LOG:  [Created a File for timing responses: 4pvyyb3phqznc6e6fjewty2fpbb4p3ub2q27ojheitcg4nai6p5q.b32.i2p/css/styles.css/time]
sam-url.go:226: [Checking file 4pvyyb3phqznc6e6fjewty2fpbb4p3ub2q27ojheitcg4nai6p5q.b32.i2p/css/styles.css/del]
sam-url.go:226: [Creating file 4pvyyb3phqznc6e6fjewty2fpbb4p3ub2q27ojheitcg4nai6p5q.b32.i2p/css/styles.css/del]
sam-url.go:211: LOG:  [checking for problems...]
sam-url.go:211: LOG:  [Opening the Named Pipe as a File...]
sam-url.go:211: LOG:  [Opening the Named Pipe as a Buffer...]
sam-url.go:211: LOG:  [Created a named Pipe for closing the connection: 4pvyyb3phqznc6e6fjewty2fpbb4p3ub2q27ojheitcg4nai6p5q.b32.i2p/css/styles.css/del]
sam-list.go:150: Checking client requests 1
sam-list.go:151: of 2
sam-http.go:391: LOG:  [cleanURL Trim 0 http://4pvyyb3phqznc6e6fjewty2fpbb4p3ub2q27ojheitcg4nai6p5q.b32.i2p/css/styles.css]
sam-http.go:391: LOG:  [cleanURL Request URL 4pvyyb3phqznc6e6fjewty2fpbb4p3ub2q27ojheitcg4nai6p5q.b32.i2p/css/styles.css]
sam-http.go:391: LOG:  [cleanURL Trim 2 4pvyyb3phqznc6e6fjewty2fpbb4p3ub2q27ojheitcg4nai6p5q.b32.i2p]
sam-http.go:391: LOG:  [Request host  4pvyyb3phqznc6e6fjewty2fpbb4p3ub2q27ojheitcg4nai6p5q.b32.i2p]
sam-http.go:391: LOG:  [Is not equal to client host lqnwvwsgio6k53zq6d7r5bpaxuslc45vgsiqo6i3ebshkqpgrnma.b32.i2p]
sam-list.go:150: Checking client requests 2
sam-list.go:151: of 2
sam-http.go:391: LOG:  [cleanURL Trim 0 http://4pvyyb3phqznc6e6fjewty2fpbb4p3ub2q27ojheitcg4nai6p5q.b32.i2p/css/styles.css]
sam-http.go:391: LOG:  [cleanURL Request URL 4pvyyb3phqznc6e6fjewty2fpbb4p3ub2q27ojheitcg4nai6p5q.b32.i2p/css/styles.css]
sam-http.go:391: LOG:  [cleanURL Trim 2 4pvyyb3phqznc6e6fjewty2fpbb4p3ub2q27ojheitcg4nai6p5q.b32.i2p]
sam-http.go:391: LOG:  [Request host  4pvyyb3phqznc6e6fjewty2fpbb4p3ub2q27ojheitcg4nai6p5q.b32.i2p]
sam-http.go:391: LOG:  [Is equal to client host 4pvyyb3phqznc6e6fjewty2fpbb4p3ub2q27ojheitcg4nai6p5q.b32.i2p]
sam-list.go:226: LOG:  [Client pipework for %s found. http://4pvyyb3phqznc6e6fjewty2fpbb4p3ub2q27ojheitcg4nai6p5q.b32.i2p/css/styles.css]
sam-http.go:391: LOG:  [URL passed validation: http://4pvyyb3phqznc6e6fjewty2fpbb4p3ub2q27ojheitcg4nai6p5q.b32.i2p/css/styles.css]
sam-http.go:391: LOG:  [Request will be managed in: 4pvyyb3phqznc6e6fjewty2fpbb4p3ub2q27ojheitcg4nai6p5q.b32.i2p/css/styles.css]
sam-http.go:391: LOG:  [Getting resource http://4pvyyb3phqznc6e6fjewty2fpbb4p3ub2q27ojheitcg4nai6p5q.b32.i2p/css/styles.css In  4pvyyb3phqznc6e6fjewty2fpbb4p3ub2q27ojheitcg4nai6p5q.b32.i2p/css/styles.css]
si-http-proxy.go:116: LOG:  [Client was retrieved:  4pvyyb3phqznc6e6fjewty2fpbb4p3ub2q27ojheitcg4nai6p5q.b32.i2p/css/styles.css]
sam-http.go:406: [Initializing SAM connection]
si-http-proxy.go:77: 127.0.0.1:58710   GET   http://detectportal.firefox.com/success.txt
si-http-proxy.go:57: 127.0.0.1:58710   GET   http://detectportal.firefox.com/success.txt
si-http-proxy.go:116: LOG:  [http://detectportal.firefox.com/success.txt]
si-http-proxy.go:116: LOG:  [Sanitizing headers: Accept]
si-http-proxy.go:116: LOG:  [Sanitizing headers: Accept-Encoding]
si-http-proxy.go:116: LOG:  [Sanitizing headers: Keep-Alive]
si-http-proxy.go:116: LOG:  [Sanitizing headers: Proxy-Authenticate]
si-http-proxy.go:116: LOG:  [Sanitizing headers: Proxy-Authorization]
si-http-proxy.go:116: LOG:  [Sanitizing headers: Proxy-Connection]
si-http-proxy.go:116: LOG:  [Sanitizing headers: Te]
si-http-proxy.go:116: LOG:  [Sanitizing headers: Trailers]
si-http-proxy.go:116: LOG:  [Sanitizing headers: Transfer-Encoding]
si-http-proxy.go:116: LOG:  [Sanitizing headers: Upgrade]
si-http-proxy.go:116: LOG:  [Sanitizing headers: X-Forwarded-For]
si-http-proxy.go:116: LOG:  [Client was retrieved:  ]
si-http-proxy.go:77: 127.0.0.1:58710   GET   http://detectportal.firefox.com/success.txt
si-http-proxy.go:57: 127.0.0.1:58710   GET   http://detectportal.firefox.com/success.txt
si-http-proxy.go:116: LOG:  [http://detectportal.firefox.com/success.txt]
si-http-proxy.go:116: LOG:  [Sanitizing headers: Accept]
si-http-proxy.go:116: LOG:  [Sanitizing headers: Accept-Encoding]
si-http-proxy.go:116: LOG:  [Sanitizing headers: Keep-Alive]
si-http-proxy.go:116: LOG:  [Sanitizing headers: Proxy-Authenticate]
si-http-proxy.go:116: LOG:  [Sanitizing headers: Proxy-Authorization]
si-http-proxy.go:116: LOG:  [Sanitizing headers: Proxy-Connection]
si-http-proxy.go:116: LOG:  [Sanitizing headers: Te]
si-http-proxy.go:116: LOG:  [Sanitizing headers: Trailers]
si-http-proxy.go:116: LOG:  [Sanitizing headers: Transfer-Encoding]
si-http-proxy.go:116: LOG:  [Sanitizing headers: Upgrade]
si-http-proxy.go:116: LOG:  [Sanitizing headers: X-Forwarded-For]
si-http-proxy.go:116: LOG:  [Client was retrieved:  ]
sam-http.go:396: [Connecting SAM streams]
si-http-proxy.go:77: 127.0.0.1:58710   GET   http://detectportal.firefox.com/success.txt
si-http-proxy.go:57: 127.0.0.1:58710   GET   http://detectportal.firefox.com/success.txt
si-http-proxy.go:116: LOG:  [http://detectportal.firefox.com/success.txt]
si-http-proxy.go:116: LOG:  [Sanitizing headers: Accept]
si-http-proxy.go:116: LOG:  [Sanitizing headers: Accept-Encoding]
si-http-proxy.go:116: LOG:  [Sanitizing headers: Keep-Alive]
si-http-proxy.go:116: LOG:  [Sanitizing headers: Proxy-Authenticate]
si-http-proxy.go:116: LOG:  [Sanitizing headers: Proxy-Authorization]
si-http-proxy.go:116: LOG:  [Sanitizing headers: Proxy-Connection]
si-http-proxy.go:116: LOG:  [Sanitizing headers: Te]
si-http-proxy.go:116: LOG:  [Sanitizing headers: Trailers]
si-http-proxy.go:116: LOG:  [Sanitizing headers: Transfer-Encoding]
si-http-proxy.go:116: LOG:  [Sanitizing headers: Upgrade]
si-http-proxy.go:116: LOG:  [Sanitizing headers: X-Forwarded-For]
si-http-proxy.go:116: LOG:  [Client was retrieved:  ]
sam-list.go:137: Checking client requests 1
sam-list.go:138: of 2
sam-http.go:391: LOG:  [cleanURL Trim 0 http://4pvyyb3phqznc6e6fjewty2fpbb4p3ub2q27ojheitcg4nai6p5q.b32.i2p/css/styles.css]
sam-http.go:391: LOG:  [cleanURL Request URL 4pvyyb3phqznc6e6fjewty2fpbb4p3ub2q27ojheitcg4nai6p5q.b32.i2p/css/styles.css]
sam-http.go:391: LOG:  [cleanURL Trim 2 4pvyyb3phqznc6e6fjewty2fpbb4p3ub2q27ojheitcg4nai6p5q.b32.i2p]
sam-http.go:391: LOG:  [Request host  4pvyyb3phqznc6e6fjewty2fpbb4p3ub2q27ojheitcg4nai6p5q.b32.i2p]
sam-http.go:391: LOG:  [Is not equal to client host lqnwvwsgio6k53zq6d7r5bpaxuslc45vgsiqo6i3ebshkqpgrnma.b32.i2p]
sam-list.go:137: Checking client requests 2
sam-list.go:138: of 2
sam-http.go:391: LOG:  [cleanURL Trim 0 http://4pvyyb3phqznc6e6fjewty2fpbb4p3ub2q27ojheitcg4nai6p5q.b32.i2p/css/styles.css]
sam-http.go:391: LOG:  [cleanURL Request URL 4pvyyb3phqznc6e6fjewty2fpbb4p3ub2q27ojheitcg4nai6p5q.b32.i2p/css/styles.css]
sam-http.go:391: LOG:  [cleanURL Trim 2 4pvyyb3phqznc6e6fjewty2fpbb4p3ub2q27ojheitcg4nai6p5q.b32.i2p]
sam-http.go:391: LOG:  [Request host  4pvyyb3phqznc6e6fjewty2fpbb4p3ub2q27ojheitcg4nai6p5q.b32.i2p]
sam-http.go:391: LOG:  [Is equal to client host 4pvyyb3phqznc6e6fjewty2fpbb4p3ub2q27ojheitcg4nai6p5q.b32.i2p]
sam-list.go:226: LOG:  [Client pipework for %s found. http://4pvyyb3phqznc6e6fjewty2fpbb4p3ub2q27ojheitcg4nai6p5q.b32.i2p/css/styles.css]
sam-list.go:226: LOG:  [Request sent]
sam-http.go:391: LOG:  [Seeking Subdirectory 4pvyyb3phqznc6e6fjewty2fpbb4p3ub2q27ojheitcg4nai6p5q.b32.i2p/css/styles.css]
sam-url.go:211: LOG:  [Directory /  4pvyyb3phqznc6e6fjewty2fpbb4p3ub2q27ojheitcg4nai6p5q.b32.i2p/css/styles.css : equals : 4pvyyb3phqznc6e6fjewty2fpbb4p3ub2q27ojheitcg4nai6p5q.b32.i2p/css/styles.css]
sam-url.go:211: LOG:  [Directory /  4pvyyb3phqznc6e6fjewty2fpbb4p3ub2q27ojheitcg4nai6p5q.b32.i2p/css/styles.css : equals : 4pvyyb3phqznc6e6fjewty2fpbb4p3ub2q27ojheitcg4nai6p5q.b32.i2p/css/styles.css]
sam-url.go:135: Response Status  304
si-http-proxy.go:116: LOG:  [SAM-Provided Tunnel Address: 127.0.0.1:58656]
si-http-proxy.go:116: LOG:  [Response Status: 304 Not Modified]
si-http-proxy.go:116: LOG:  [Sanitizing headers: Accept]
si-http-proxy.go:116: LOG:  [Sanitizing headers: Accept-Encoding]
si-http-proxy.go:116: LOG:  [Sanitizing headers: Keep-Alive]
si-http-proxy.go:116: LOG:  [Sanitizing headers: Proxy-Authenticate]
si-http-proxy.go:116: LOG:  [Sanitizing headers: Proxy-Authorization]
si-http-proxy.go:116: LOG:  [Sanitizing headers: Proxy-Connection]
si-http-proxy.go:116: LOG:  [Sanitizing headers: Te]
si-http-proxy.go:116: LOG:  [Sanitizing headers: Trailers]
si-http-proxy.go:116: LOG:  [Sanitizing headers: Transfer-Encoding]
si-http-proxy.go:116: LOG:  [Sanitizing headers: Upgrade]
si-http-proxy.go:116: LOG:  [Sanitizing headers: X-Forwarded-For]
si-http-proxy.go:116: LOG:  [Copying headers: Date,Tue, 13 Mar 2018 17:25:36 GMT]
si-http-proxy.go:116: LOG:  [Copying headers: Server,darkhttpd/1.12]
si-http-proxy.go:116: LOG:  [Copying headers: Accept-Ranges,bytes]
si-http-proxy.go:116: LOG:  [Copying headers: User-Agent,MYOB/6.66 (AN/ON)]
si-http-proxy.go:77: 127.0.0.1:58748   CONNECT   //api.ipify.org:443
si-http-proxy.go:57: 127.0.0.1:58748   CONNECT   //api.ipify.org:443
si-http-proxy.go:116: LOG:  [Dropping https request for now, assumed attempt to get clearnet resource.]
si-http-proxy.go:77: 127.0.0.1:58710   GET   http://detectportal.firefox.com/success.txt
si-http-proxy.go:57: 127.0.0.1:58710   GET   http://detectportal.firefox.com/success.txt
si-http-proxy.go:116: LOG:  [http://detectportal.firefox.com/success.txt]
si-http-proxy.go:116: LOG:  [Sanitizing headers: Accept]
si-http-proxy.go:116: LOG:  [Sanitizing headers: Accept-Encoding]
si-http-proxy.go:116: LOG:  [Sanitizing headers: Keep-Alive]
si-http-proxy.go:116: LOG:  [Sanitizing headers: Proxy-Authenticate]
si-http-proxy.go:116: LOG:  [Sanitizing headers: Proxy-Authorization]
si-http-proxy.go:116: LOG:  [Sanitizing headers: Proxy-Connection]
si-http-proxy.go:116: LOG:  [Sanitizing headers: Te]
si-http-proxy.go:116: LOG:  [Sanitizing headers: Trailers]
si-http-proxy.go:116: LOG:  [Sanitizing headers: Transfer-Encoding]
si-http-proxy.go:116: LOG:  [Sanitizing headers: Upgrade]
si-http-proxy.go:116: LOG:  [Sanitizing headers: X-Forwarded-For]
si-http-proxy.go:116: LOG:  [Client was retrieved:  ]
si-http-proxy.go:77: 127.0.0.1:58710   GET   http://detectportal.firefox.com/success.txt
si-http-proxy.go:57: 127.0.0.1:58710   GET   http://detectportal.firefox.com/success.txt
si-http-proxy.go:116: LOG:  [http://detectportal.firefox.com/success.txt]
si-http-proxy.go:116: LOG:  [Sanitizing headers: Accept]
si-http-proxy.go:116: LOG:  [Sanitizing headers: Accept-Encoding]
si-http-proxy.go:116: LOG:  [Sanitizing headers: Keep-Alive]
si-http-proxy.go:116: LOG:  [Sanitizing headers: Proxy-Authenticate]
si-http-proxy.go:116: LOG:  [Sanitizing headers: Proxy-Authorization]
si-http-proxy.go:116: LOG:  [Sanitizing headers: Proxy-Connection]
si-http-proxy.go:116: LOG:  [Sanitizing headers: Te]
si-http-proxy.go:116: LOG:  [Sanitizing headers: Trailers]
si-http-proxy.go:116: LOG:  [Sanitizing headers: Transfer-Encoding]
si-http-proxy.go:116: LOG:  [Sanitizing headers: Upgrade]
si-http-proxy.go:116: LOG:  [Sanitizing headers: X-Forwarded-For]
si-http-proxy.go:116: LOG:  [Client was retrieved:  ]
si-http-proxy.go:77: 127.0.0.1:58710   GET   http://detectportal.firefox.com/success.txt
si-http-proxy.go:57: 127.0.0.1:58710   GET   http://detectportal.firefox.com/success.txt
si-http-proxy.go:116: LOG:  [http://detectportal.firefox.com/success.txt]
si-http-proxy.go:116: LOG:  [Sanitizing headers: Accept]
si-http-proxy.go:116: LOG:  [Sanitizing headers: Accept-Encoding]
si-http-proxy.go:116: LOG:  [Sanitizing headers: Keep-Alive]
si-http-proxy.go:116: LOG:  [Sanitizing headers: Proxy-Authenticate]
si-http-proxy.go:116: LOG:  [Sanitizing headers: Proxy-Authorization]
si-http-proxy.go:116: LOG:  [Sanitizing headers: Proxy-Connection]
si-http-proxy.go:116: LOG:  [Sanitizing headers: Te]
si-http-proxy.go:116: LOG:  [Sanitizing headers: Trailers]
si-http-proxy.go:116: LOG:  [Sanitizing headers: Transfer-Encoding]
si-http-proxy.go:116: LOG:  [Sanitizing headers: Upgrade]
si-http-proxy.go:116: LOG:  [Sanitizing headers: X-Forwarded-For]
si-http-proxy.go:116: LOG:  [Client was retrieved:  ]
si-http-proxy.go:77: 127.0.0.1:58710   GET   http://detectportal.firefox.com/success.txt
si-http-proxy.go:57: 127.0.0.1:58710   GET   http://detectportal.firefox.com/success.txt
si-http-proxy.go:116: LOG:  [http://detectportal.firefox.com/success.txt]
si-http-proxy.go:116: LOG:  [Sanitizing headers: Accept]
si-http-proxy.go:116: LOG:  [Sanitizing headers: Accept-Encoding]
si-http-proxy.go:116: LOG:  [Sanitizing headers: Keep-Alive]
si-http-proxy.go:116: LOG:  [Sanitizing headers: Proxy-Authenticate]
si-http-proxy.go:116: LOG:  [Sanitizing headers: Proxy-Authorization]
si-http-proxy.go:116: LOG:  [Sanitizing headers: Proxy-Connection]
si-http-proxy.go:116: LOG:  [Sanitizing headers: Te]
si-http-proxy.go:116: LOG:  [Sanitizing headers: Trailers]
si-http-proxy.go:116: LOG:  [Sanitizing headers: Transfer-Encoding]
si-http-proxy.go:116: LOG:  [Sanitizing headers: Upgrade]
si-http-proxy.go:116: LOG:  [Sanitizing headers: X-Forwarded-For]
si-http-proxy.go:116: LOG:  [Client was retrieved:  ]
si-http-proxy.go:77: 127.0.0.1:58710   GET   http://detectportal.firefox.com/success.txt
si-http-proxy.go:57: 127.0.0.1:58710   GET   http://detectportal.firefox.com/success.txt
si-http-proxy.go:116: LOG:  [http://detectportal.firefox.com/success.txt]
si-http-proxy.go:116: LOG:  [Sanitizing headers: Accept]
si-http-proxy.go:116: LOG:  [Sanitizing headers: Accept-Encoding]
si-http-proxy.go:116: LOG:  [Sanitizing headers: Keep-Alive]
si-http-proxy.go:116: LOG:  [Sanitizing headers: Proxy-Authenticate]
si-http-proxy.go:116: LOG:  [Sanitizing headers: Proxy-Authorization]
si-http-proxy.go:116: LOG:  [Sanitizing headers: Proxy-Connection]
si-http-proxy.go:116: LOG:  [Sanitizing headers: Te]
si-http-proxy.go:116: LOG:  [Sanitizing headers: Trailers]
si-http-proxy.go:116: LOG:  [Sanitizing headers: Transfer-Encoding]
si-http-proxy.go:116: LOG:  [Sanitizing headers: Upgrade]
si-http-proxy.go:116: LOG:  [Sanitizing headers: X-Forwarded-For]
si-http-proxy.go:116: LOG:  [Client was retrieved:  ]
si-http-proxy.go:77: 127.0.0.1:58710   GET   http://detectportal.firefox.com/success.txt
si-http-proxy.go:57: 127.0.0.1:58710   GET   http://detectportal.firefox.com/success.txt
si-http-proxy.go:116: LOG:  [http://detectportal.firefox.com/success.txt]
si-http-proxy.go:116: LOG:  [Sanitizing headers: Accept]
si-http-proxy.go:116: LOG:  [Sanitizing headers: Accept-Encoding]
si-http-proxy.go:116: LOG:  [Sanitizing headers: Keep-Alive]
si-http-proxy.go:116: LOG:  [Sanitizing headers: Proxy-Authenticate]
si-http-proxy.go:116: LOG:  [Sanitizing headers: Proxy-Authorization]
si-http-proxy.go:116: LOG:  [Sanitizing headers: Proxy-Connection]
si-http-proxy.go:116: LOG:  [Sanitizing headers: Te]
si-http-proxy.go:116: LOG:  [Sanitizing headers: Trailers]
si-http-proxy.go:116: LOG:  [Sanitizing headers: Transfer-Encoding]
si-http-proxy.go:116: LOG:  [Sanitizing headers: Upgrade]
si-http-proxy.go:116: LOG:  [Sanitizing headers: X-Forwarded-For]
si-http-proxy.go:116: LOG:  [Client was retrieved:  ]
si-http-proxy.go:77: 127.0.0.1:58710   GET   http://detectportal.firefox.com/success.txt
si-http-proxy.go:57: 127.0.0.1:58710   GET   http://detectportal.firefox.com/success.txt
si-http-proxy.go:116: LOG:  [http://detectportal.firefox.com/success.txt]
si-http-proxy.go:116: LOG:  [Sanitizing headers: Accept]
si-http-proxy.go:116: LOG:  [Sanitizing headers: Accept-Encoding]
si-http-proxy.go:116: LOG:  [Sanitizing headers: Keep-Alive]
si-http-proxy.go:116: LOG:  [Sanitizing headers: Proxy-Authenticate]
si-http-proxy.go:116: LOG:  [Sanitizing headers: Proxy-Authorization]
si-http-proxy.go:116: LOG:  [Sanitizing headers: Proxy-Connection]
si-http-proxy.go:116: LOG:  [Sanitizing headers: Te]
si-http-proxy.go:116: LOG:  [Sanitizing headers: Trailers]
si-http-proxy.go:116: LOG:  [Sanitizing headers: Transfer-Encoding]
si-http-proxy.go:116: LOG:  [Sanitizing headers: Upgrade]
si-http-proxy.go:116: LOG:  [Sanitizing headers: X-Forwarded-For]
si-http-proxy.go:116: LOG:  [Client was retrieved:  ]
si-http-proxy.go:77: 127.0.0.1:58710   GET   http://detectportal.firefox.com/success.txt
si-http-proxy.go:57: 127.0.0.1:58710   GET   http://detectportal.firefox.com/success.txt
si-http-proxy.go:116: LOG:  [http://detectportal.firefox.com/success.txt]
si-http-proxy.go:116: LOG:  [Sanitizing headers: Accept]
si-http-proxy.go:116: LOG:  [Sanitizing headers: Accept-Encoding]
si-http-proxy.go:116: LOG:  [Sanitizing headers: Keep-Alive]
si-http-proxy.go:116: LOG:  [Sanitizing headers: Proxy-Authenticate]
si-http-proxy.go:116: LOG:  [Sanitizing headers: Proxy-Authorization]
si-http-proxy.go:116: LOG:  [Sanitizing headers: Proxy-Connection]
si-http-proxy.go:116: LOG:  [Sanitizing headers: Te]
si-http-proxy.go:116: LOG:  [Sanitizing headers: Trailers]
si-http-proxy.go:116: LOG:  [Sanitizing headers: Transfer-Encoding]
si-http-proxy.go:116: LOG:  [Sanitizing headers: Upgrade]
si-http-proxy.go:116: LOG:  [Sanitizing headers: X-Forwarded-For]
si-http-proxy.go:116: LOG:  [Client was retrieved:  ]
si-http-proxy.go:77: 127.0.0.1:58710   GET   http://detectportal.firefox.com/success.txt
si-http-proxy.go:57: 127.0.0.1:58710   GET   http://detectportal.firefox.com/success.txt
si-http-proxy.go:116: LOG:  [http://detectportal.firefox.com/success.txt]
si-http-proxy.go:116: LOG:  [Sanitizing headers: Accept]
si-http-proxy.go:116: LOG:  [Sanitizing headers: Accept-Encoding]
si-http-proxy.go:116: LOG:  [Sanitizing headers: Keep-Alive]
si-http-proxy.go:116: LOG:  [Sanitizing headers: Proxy-Authenticate]
si-http-proxy.go:116: LOG:  [Sanitizing headers: Proxy-Authorization]
si-http-proxy.go:116: LOG:  [Sanitizing headers: Proxy-Connection]
si-http-proxy.go:116: LOG:  [Sanitizing headers: Te]
si-http-proxy.go:116: LOG:  [Sanitizing headers: Trailers]
si-http-proxy.go:116: LOG:  [Sanitizing headers: Transfer-Encoding]
si-http-proxy.go:116: LOG:  [Sanitizing headers: Upgrade]
si-http-proxy.go:116: LOG:  [Sanitizing headers: X-Forwarded-For]
si-http-proxy.go:116: LOG:  [Client was retrieved:  ]
si-http-proxy.go:77: 127.0.0.1:58710   GET   http://detectportal.firefox.com/success.txt
si-http-proxy.go:57: 127.0.0.1:58710   GET   http://detectportal.firefox.com/success.txt
si-http-proxy.go:116: LOG:  [http://detectportal.firefox.com/success.txt]
si-http-proxy.go:116: LOG:  [Sanitizing headers: Accept]
si-http-proxy.go:116: LOG:  [Sanitizing headers: Accept-Encoding]
si-http-proxy.go:116: LOG:  [Sanitizing headers: Keep-Alive]
si-http-proxy.go:116: LOG:  [Sanitizing headers: Proxy-Authenticate]
si-http-proxy.go:116: LOG:  [Sanitizing headers: Proxy-Authorization]
si-http-proxy.go:116: LOG:  [Sanitizing headers: Proxy-Connection]
si-http-proxy.go:116: LOG:  [Sanitizing headers: Te]
si-http-proxy.go:116: LOG:  [Sanitizing headers: Trailers]
si-http-proxy.go:116: LOG:  [Sanitizing headers: Transfer-Encoding]
si-http-proxy.go:116: LOG:  [Sanitizing headers: Upgrade]
si-http-proxy.go:116: LOG:  [Sanitizing headers: X-Forwarded-For]
si-http-proxy.go:116: LOG:  [Client was retrieved:  ]
si-http-proxy.go:77: 127.0.0.1:58710   GET   http://detectportal.firefox.com/success.txt
si-http-proxy.go:57: 127.0.0.1:58710   GET   http://detectportal.firefox.com/success.txt
si-http-proxy.go:116: LOG:  [http://detectportal.firefox.com/success.txt]
si-http-proxy.go:116: LOG:  [Sanitizing headers: Accept]
si-http-proxy.go:116: LOG:  [Sanitizing headers: Accept-Encoding]
si-http-proxy.go:116: LOG:  [Sanitizing headers: Keep-Alive]
si-http-proxy.go:116: LOG:  [Sanitizing headers: Proxy-Authenticate]
si-http-proxy.go:116: LOG:  [Sanitizing headers: Proxy-Authorization]
si-http-proxy.go:116: LOG:  [Sanitizing headers: Proxy-Connection]
si-http-proxy.go:116: LOG:  [Sanitizing headers: Te]
si-http-proxy.go:116: LOG:  [Sanitizing headers: Trailers]
si-http-proxy.go:116: LOG:  [Sanitizing headers: Transfer-Encoding]
si-http-proxy.go:116: LOG:  [Sanitizing headers: Upgrade]
si-http-proxy.go:116: LOG:  [Sanitizing headers: X-Forwarded-For]
si-http-proxy.go:116: LOG:  [Client was retrieved:  ]
si-http-proxy.go:77: 127.0.0.1:58710   GET   http://detectportal.firefox.com/success.txt
si-http-proxy.go:57: 127.0.0.1:58710   GET   http://detectportal.firefox.com/success.txt
si-http-proxy.go:116: LOG:  [http://detectportal.firefox.com/success.txt]
si-http-proxy.go:116: LOG:  [Sanitizing headers: Accept]
si-http-proxy.go:116: LOG:  [Sanitizing headers: Accept-Encoding]
si-http-proxy.go:116: LOG:  [Sanitizing headers: Keep-Alive]
si-http-proxy.go:116: LOG:  [Sanitizing headers: Proxy-Authenticate]
si-http-proxy.go:116: LOG:  [Sanitizing headers: Proxy-Authorization]
si-http-proxy.go:116: LOG:  [Sanitizing headers: Proxy-Connection]
si-http-proxy.go:116: LOG:  [Sanitizing headers: Te]
si-http-proxy.go:116: LOG:  [Sanitizing headers: Trailers]
si-http-proxy.go:116: LOG:  [Sanitizing headers: Transfer-Encoding]
si-http-proxy.go:116: LOG:  [Sanitizing headers: Upgrade]
si-http-proxy.go:116: LOG:  [Sanitizing headers: X-Forwarded-For]
si-http-proxy.go:116: LOG:  [Client was retrieved:  ]
si-http-proxy.go:77: 127.0.0.1:58710   GET   http://detectportal.firefox.com/success.txt
si-http-proxy.go:57: 127.0.0.1:58710   GET   http://detectportal.firefox.com/success.txt
si-http-proxy.go:116: LOG:  [http://detectportal.firefox.com/success.txt]
si-http-proxy.go:116: LOG:  [Sanitizing headers: Accept]
si-http-proxy.go:116: LOG:  [Sanitizing headers: Accept-Encoding]
si-http-proxy.go:116: LOG:  [Sanitizing headers: Keep-Alive]
si-http-proxy.go:116: LOG:  [Sanitizing headers: Proxy-Authenticate]
si-http-proxy.go:116: LOG:  [Sanitizing headers: Proxy-Authorization]
si-http-proxy.go:116: LOG:  [Sanitizing headers: Proxy-Connection]
si-http-proxy.go:116: LOG:  [Sanitizing headers: Te]
si-http-proxy.go:116: LOG:  [Sanitizing headers: Trailers]
si-http-proxy.go:116: LOG:  [Sanitizing headers: Transfer-Encoding]
si-http-proxy.go:116: LOG:  [Sanitizing headers: Upgrade]
si-http-proxy.go:116: LOG:  [Sanitizing headers: X-Forwarded-For]
si-http-proxy.go:116: LOG:  [Client was retrieved:  ]
si-http-proxy.go:77: 127.0.0.1:58710   GET   http://detectportal.firefox.com/success.txt
si-http-proxy.go:57: 127.0.0.1:58710   GET   http://detectportal.firefox.com/success.txt
si-http-proxy.go:116: LOG:  [http://detectportal.firefox.com/success.txt]
si-http-proxy.go:116: LOG:  [Sanitizing headers: Accept]
si-http-proxy.go:116: LOG:  [Sanitizing headers: Accept-Encoding]
si-http-proxy.go:116: LOG:  [Sanitizing headers: Keep-Alive]
si-http-proxy.go:116: LOG:  [Sanitizing headers: Proxy-Authenticate]
si-http-proxy.go:116: LOG:  [Sanitizing headers: Proxy-Authorization]
si-http-proxy.go:116: LOG:  [Sanitizing headers: Proxy-Connection]
si-http-proxy.go:116: LOG:  [Sanitizing headers: Te]
si-http-proxy.go:116: LOG:  [Sanitizing headers: Trailers]
si-http-proxy.go:116: LOG:  [Sanitizing headers: Transfer-Encoding]
si-http-proxy.go:116: LOG:  [Sanitizing headers: Upgrade]
si-http-proxy.go:116: LOG:  [Sanitizing headers: X-Forwarded-For]
si-http-proxy.go:116: LOG:  [Client was retrieved:  ]
si-http-proxy.go:77: 127.0.0.1:58710   GET   http://detectportal.firefox.com/success.txt
si-http-proxy.go:57: 127.0.0.1:58710   GET   http://detectportal.firefox.com/success.txt
si-http-proxy.go:116: LOG:  [http://detectportal.firefox.com/success.txt]
si-http-proxy.go:116: LOG:  [Sanitizing headers: Accept]
si-http-proxy.go:116: LOG:  [Sanitizing headers: Accept-Encoding]
si-http-proxy.go:116: LOG:  [Sanitizing headers: Keep-Alive]
si-http-proxy.go:116: LOG:  [Sanitizing headers: Proxy-Authenticate]
si-http-proxy.go:116: LOG:  [Sanitizing headers: Proxy-Authorization]
si-http-proxy.go:116: LOG:  [Sanitizing headers: Proxy-Connection]
si-http-proxy.go:116: LOG:  [Sanitizing headers: Te]
si-http-proxy.go:116: LOG:  [Sanitizing headers: Trailers]
si-http-proxy.go:116: LOG:  [Sanitizing headers: Transfer-Encoding]
si-http-proxy.go:116: LOG:  [Sanitizing headers: Upgrade]
si-http-proxy.go:116: LOG:  [Sanitizing headers: X-Forwarded-For]
si-http-proxy.go:116: LOG:  [Client was retrieved:  ]
si-http-proxy.go:77: 127.0.0.1:58710   GET   http://detectportal.firefox.com/success.txt
si-http-proxy.go:57: 127.0.0.1:58710   GET   http://detectportal.firefox.com/success.txt
si-http-proxy.go:116: LOG:  [http://detectportal.firefox.com/success.txt]
si-http-proxy.go:116: LOG:  [Sanitizing headers: Accept]
si-http-proxy.go:116: LOG:  [Sanitizing headers: Accept-Encoding]
si-http-proxy.go:116: LOG:  [Sanitizing headers: Keep-Alive]
si-http-proxy.go:116: LOG:  [Sanitizing headers: Proxy-Authenticate]
si-http-proxy.go:116: LOG:  [Sanitizing headers: Proxy-Authorization]
si-http-proxy.go:116: LOG:  [Sanitizing headers: Proxy-Connection]
si-http-proxy.go:116: LOG:  [Sanitizing headers: Te]
si-http-proxy.go:116: LOG:  [Sanitizing headers: Trailers]
si-http-proxy.go:116: LOG:  [Sanitizing headers: Transfer-Encoding]
si-http-proxy.go:116: LOG:  [Sanitizing headers: Upgrade]
si-http-proxy.go:116: LOG:  [Sanitizing headers: X-Forwarded-For]
si-http-proxy.go:116: LOG:  [Client was retrieved:  ]
si-http-proxy.go:77: 127.0.0.1:58710   GET   http://detectportal.firefox.com/success.txt
si-http-proxy.go:57: 127.0.0.1:58710   GET   http://detectportal.firefox.com/success.txt
si-http-proxy.go:116: LOG:  [http://detectportal.firefox.com/success.txt]
si-http-proxy.go:116: LOG:  [Sanitizing headers: Accept]
si-http-proxy.go:116: LOG:  [Sanitizing headers: Accept-Encoding]
si-http-proxy.go:116: LOG:  [Sanitizing headers: Keep-Alive]
si-http-proxy.go:116: LOG:  [Sanitizing headers: Proxy-Authenticate]
si-http-proxy.go:116: LOG:  [Sanitizing headers: Proxy-Authorization]
si-http-proxy.go:116: LOG:  [Sanitizing headers: Proxy-Connection]
si-http-proxy.go:116: LOG:  [Sanitizing headers: Te]
si-http-proxy.go:116: LOG:  [Sanitizing headers: Trailers]
si-http-proxy.go:116: LOG:  [Sanitizing headers: Transfer-Encoding]
si-http-proxy.go:116: LOG:  [Sanitizing headers: Upgrade]
si-http-proxy.go:116: LOG:  [Sanitizing headers: X-Forwarded-For]
si-http-proxy.go:116: LOG:  [Client was retrieved:  ]
si-http-proxy.go:77: 127.0.0.1:58710   GET   http://detectportal.firefox.com/success.txt
si-http-proxy.go:57: 127.0.0.1:58710   GET   http://detectportal.firefox.com/success.txt
si-http-proxy.go:116: LOG:  [http://detectportal.firefox.com/success.txt]
si-http-proxy.go:116: LOG:  [Sanitizing headers: Accept]
si-http-proxy.go:116: LOG:  [Sanitizing headers: Accept-Encoding]
si-http-proxy.go:116: LOG:  [Sanitizing headers: Keep-Alive]
si-http-proxy.go:116: LOG:  [Sanitizing headers: Proxy-Authenticate]
si-http-proxy.go:116: LOG:  [Sanitizing headers: Proxy-Authorization]
si-http-proxy.go:116: LOG:  [Sanitizing headers: Proxy-Connection]
si-http-proxy.go:116: LOG:  [Sanitizing headers: Te]
si-http-proxy.go:116: LOG:  [Sanitizing headers: Trailers]
si-http-proxy.go:116: LOG:  [Sanitizing headers: Transfer-Encoding]
si-http-proxy.go:116: LOG:  [Sanitizing headers: Upgrade]
si-http-proxy.go:116: LOG:  [Sanitizing headers: X-Forwarded-For]
si-http-proxy.go:116: LOG:  [Client was retrieved:  ]
si-http-proxy.go:77: 127.0.0.1:58710   GET   http://detectportal.firefox.com/success.txt
si-http-proxy.go:57: 127.0.0.1:58710   GET   http://detectportal.firefox.com/success.txt
si-http-proxy.go:116: LOG:  [http://detectportal.firefox.com/success.txt]
si-http-proxy.go:116: LOG:  [Sanitizing headers: Accept]
si-http-proxy.go:116: LOG:  [Sanitizing headers: Accept-Encoding]
si-http-proxy.go:116: LOG:  [Sanitizing headers: Keep-Alive]
si-http-proxy.go:116: LOG:  [Sanitizing headers: Proxy-Authenticate]
si-http-proxy.go:116: LOG:  [Sanitizing headers: Proxy-Authorization]
si-http-proxy.go:116: LOG:  [Sanitizing headers: Proxy-Connection]
si-http-proxy.go:116: LOG:  [Sanitizing headers: Te]
si-http-proxy.go:116: LOG:  [Sanitizing headers: Trailers]
si-http-proxy.go:116: LOG:  [Sanitizing headers: Transfer-Encoding]
si-http-proxy.go:116: LOG:  [Sanitizing headers: Upgrade]
si-http-proxy.go:116: LOG:  [Sanitizing headers: X-Forwarded-For]
si-http-proxy.go:116: LOG:  [Client was retrieved:  ]
si-http-proxy.go:77: 127.0.0.1:58710   GET   http://detectportal.firefox.com/success.txt
si-http-proxy.go:57: 127.0.0.1:58710   GET   http://detectportal.firefox.com/success.txt
si-http-proxy.go:116: LOG:  [http://detectportal.firefox.com/success.txt]
si-http-proxy.go:116: LOG:  [Sanitizing headers: Accept]
si-http-proxy.go:116: LOG:  [Sanitizing headers: Accept-Encoding]
si-http-proxy.go:116: LOG:  [Sanitizing headers: Keep-Alive]
si-http-proxy.go:116: LOG:  [Sanitizing headers: Proxy-Authenticate]
si-http-proxy.go:116: LOG:  [Sanitizing headers: Proxy-Authorization]
si-http-proxy.go:116: LOG:  [Sanitizing headers: Proxy-Connection]
si-http-proxy.go:116: LOG:  [Sanitizing headers: Te]
si-http-proxy.go:116: LOG:  [Sanitizing headers: Trailers]
si-http-proxy.go:116: LOG:  [Sanitizing headers: Transfer-Encoding]
si-http-proxy.go:116: LOG:  [Sanitizing headers: Upgrade]
si-http-proxy.go:116: LOG:  [Sanitizing headers: X-Forwarded-For]
si-http-proxy.go:116: LOG:  [Client was retrieved:  ]
si-http-proxy.go:77: 127.0.0.1:58710   GET   http://detectportal.firefox.com/success.txt
si-http-proxy.go:57: 127.0.0.1:58710   GET   http://detectportal.firefox.com/success.txt
si-http-proxy.go:116: LOG:  [http://detectportal.firefox.com/success.txt]
si-http-proxy.go:116: LOG:  [Sanitizing headers: Accept]
si-http-proxy.go:116: LOG:  [Sanitizing headers: Accept-Encoding]
si-http-proxy.go:116: LOG:  [Sanitizing headers: Keep-Alive]
si-http-proxy.go:116: LOG:  [Sanitizing headers: Proxy-Authenticate]
si-http-proxy.go:116: LOG:  [Sanitizing headers: Proxy-Authorization]
si-http-proxy.go:116: LOG:  [Sanitizing headers: Proxy-Connection]
si-http-proxy.go:116: LOG:  [Sanitizing headers: Te]
si-http-proxy.go:116: LOG:  [Sanitizing headers: Trailers]
si-http-proxy.go:116: LOG:  [Sanitizing headers: Transfer-Encoding]
si-http-proxy.go:116: LOG:  [Sanitizing headers: Upgrade]
si-http-proxy.go:116: LOG:  [Sanitizing headers: X-Forwarded-For]
si-http-proxy.go:116: LOG:  [Client was retrieved:  ]
si-http-proxy.go:77: 127.0.0.1:58710   GET   http://detectportal.firefox.com/success.txt
si-http-proxy.go:57: 127.0.0.1:58710   GET   http://detectportal.firefox.com/success.txt
si-http-proxy.go:116: LOG:  [http://detectportal.firefox.com/success.txt]
si-http-proxy.go:116: LOG:  [Sanitizing headers: Accept]
si-http-proxy.go:116: LOG:  [Sanitizing headers: Accept-Encoding]
si-http-proxy.go:116: LOG:  [Sanitizing headers: Keep-Alive]
si-http-proxy.go:116: LOG:  [Sanitizing headers: Proxy-Authenticate]
si-http-proxy.go:116: LOG:  [Sanitizing headers: Proxy-Authorization]
si-http-proxy.go:116: LOG:  [Sanitizing headers: Proxy-Connection]
si-http-proxy.go:116: LOG:  [Sanitizing headers: Te]
si-http-proxy.go:116: LOG:  [Sanitizing headers: Trailers]
si-http-proxy.go:116: LOG:  [Sanitizing headers: Transfer-Encoding]
si-http-proxy.go:116: LOG:  [Sanitizing headers: Upgrade]
si-http-proxy.go:116: LOG:  [Sanitizing headers: X-Forwarded-For]
si-http-proxy.go:116: LOG:  [Client was retrieved:  ]
si-http-proxy.go:77: 127.0.0.1:58710   GET   http://detectportal.firefox.com/success.txt
si-http-proxy.go:57: 127.0.0.1:58710   GET   http://detectportal.firefox.com/success.txt
si-http-proxy.go:116: LOG:  [http://detectportal.firefox.com/success.txt]
si-http-proxy.go:116: LOG:  [Sanitizing headers: Accept]
si-http-proxy.go:116: LOG:  [Sanitizing headers: Accept-Encoding]
si-http-proxy.go:116: LOG:  [Sanitizing headers: Keep-Alive]
si-http-proxy.go:116: LOG:  [Sanitizing headers: Proxy-Authenticate]
si-http-proxy.go:116: LOG:  [Sanitizing headers: Proxy-Authorization]
si-http-proxy.go:116: LOG:  [Sanitizing headers: Proxy-Connection]
si-http-proxy.go:116: LOG:  [Sanitizing headers: Te]
si-http-proxy.go:116: LOG:  [Sanitizing headers: Trailers]
si-http-proxy.go:116: LOG:  [Sanitizing headers: Transfer-Encoding]
si-http-proxy.go:116: LOG:  [Sanitizing headers: Upgrade]
si-http-proxy.go:116: LOG:  [Sanitizing headers: X-Forwarded-For]
si-http-proxy.go:116: LOG:  [Client was retrieved:  ]
si-http-proxy.go:77: 127.0.0.1:58710   GET   http://detectportal.firefox.com/success.txt
si-http-proxy.go:57: 127.0.0.1:58710   GET   http://detectportal.firefox.com/success.txt
si-http-proxy.go:116: LOG:  [http://detectportal.firefox.com/success.txt]
si-http-proxy.go:116: LOG:  [Sanitizing headers: Accept]
si-http-proxy.go:116: LOG:  [Sanitizing headers: Accept-Encoding]
si-http-proxy.go:116: LOG:  [Sanitizing headers: Keep-Alive]
si-http-proxy.go:116: LOG:  [Sanitizing headers: Proxy-Authenticate]
si-http-proxy.go:116: LOG:  [Sanitizing headers: Proxy-Authorization]
si-http-proxy.go:116: LOG:  [Sanitizing headers: Proxy-Connection]
si-http-proxy.go:116: LOG:  [Sanitizing headers: Te]
si-http-proxy.go:116: LOG:  [Sanitizing headers: Trailers]
si-http-proxy.go:116: LOG:  [Sanitizing headers: Transfer-Encoding]
si-http-proxy.go:116: LOG:  [Sanitizing headers: Upgrade]
si-http-proxy.go:116: LOG:  [Sanitizing headers: X-Forwarded-For]
si-http-proxy.go:116: LOG:  [Client was retrieved:  ]
si-http-proxy.go:77: 127.0.0.1:58710   GET   http://detectportal.firefox.com/success.txt
si-http-proxy.go:57: 127.0.0.1:58710   GET   http://detectportal.firefox.com/success.txt
si-http-proxy.go:116: LOG:  [http://detectportal.firefox.com/success.txt]
si-http-proxy.go:116: LOG:  [Sanitizing headers: Accept]
si-http-proxy.go:116: LOG:  [Sanitizing headers: Accept-Encoding]
si-http-proxy.go:116: LOG:  [Sanitizing headers: Keep-Alive]
si-http-proxy.go:116: LOG:  [Sanitizing headers: Proxy-Authenticate]
si-http-proxy.go:116: LOG:  [Sanitizing headers: Proxy-Authorization]
si-http-proxy.go:116: LOG:  [Sanitizing headers: Proxy-Connection]
si-http-proxy.go:116: LOG:  [Sanitizing headers: Te]
si-http-proxy.go:116: LOG:  [Sanitizing headers: Trailers]
si-http-proxy.go:116: LOG:  [Sanitizing headers: Transfer-Encoding]
si-http-proxy.go:116: LOG:  [Sanitizing headers: Upgrade]
si-http-proxy.go:116: LOG:  [Sanitizing headers: X-Forwarded-For]
si-http-proxy.go:116: LOG:  [Client was retrieved:  ]
si-http-proxy.go:77: 127.0.0.1:58710   GET   http://detectportal.firefox.com/success.txt
si-http-proxy.go:57: 127.0.0.1:58710   GET   http://detectportal.firefox.com/success.txt
si-http-proxy.go:116: LOG:  [http://detectportal.firefox.com/success.txt]
si-http-proxy.go:116: LOG:  [Sanitizing headers: Accept]
si-http-proxy.go:116: LOG:  [Sanitizing headers: Accept-Encoding]
si-http-proxy.go:116: LOG:  [Sanitizing headers: Keep-Alive]
si-http-proxy.go:116: LOG:  [Sanitizing headers: Proxy-Authenticate]
si-http-proxy.go:116: LOG:  [Sanitizing headers: Proxy-Authorization]
si-http-proxy.go:116: LOG:  [Sanitizing headers: Proxy-Connection]
si-http-proxy.go:116: LOG:  [Sanitizing headers: Te]
si-http-proxy.go:116: LOG:  [Sanitizing headers: Trailers]
si-http-proxy.go:116: LOG:  [Sanitizing headers: Transfer-Encoding]
si-http-proxy.go:116: LOG:  [Sanitizing headers: Upgrade]
si-http-proxy.go:116: LOG:  [Sanitizing headers: X-Forwarded-For]
si-http-proxy.go:116: LOG:  [Client was retrieved:  ]
si-http-proxy.go:77: 127.0.0.1:58710   GET   http://detectportal.firefox.com/success.txt
si-http-proxy.go:57: 127.0.0.1:58710   GET   http://detectportal.firefox.com/success.txt
si-http-proxy.go:116: LOG:  [http://detectportal.firefox.com/success.txt]
si-http-proxy.go:116: LOG:  [Sanitizing headers: Accept]
si-http-proxy.go:116: LOG:  [Sanitizing headers: Accept-Encoding]
si-http-proxy.go:116: LOG:  [Sanitizing headers: Keep-Alive]
si-http-proxy.go:116: LOG:  [Sanitizing headers: Proxy-Authenticate]
si-http-proxy.go:116: LOG:  [Sanitizing headers: Proxy-Authorization]
si-http-proxy.go:116: LOG:  [Sanitizing headers: Proxy-Connection]
si-http-proxy.go:116: LOG:  [Sanitizing headers: Te]
si-http-proxy.go:116: LOG:  [Sanitizing headers: Trailers]
si-http-proxy.go:116: LOG:  [Sanitizing headers: Transfer-Encoding]
si-http-proxy.go:116: LOG:  [Sanitizing headers: Upgrade]
si-http-proxy.go:116: LOG:  [Sanitizing headers: X-Forwarded-For]
si-http-proxy.go:116: LOG:  [Client was retrieved:  ]
si-http-proxy.go:77: 127.0.0.1:58710   GET   http://detectportal.firefox.com/success.txt
si-http-proxy.go:57: 127.0.0.1:58710   GET   http://detectportal.firefox.com/success.txt
si-http-proxy.go:116: LOG:  [http://detectportal.firefox.com/success.txt]
si-http-proxy.go:116: LOG:  [Sanitizing headers: Accept]
si-http-proxy.go:116: LOG:  [Sanitizing headers: Accept-Encoding]
si-http-proxy.go:116: LOG:  [Sanitizing headers: Keep-Alive]
si-http-proxy.go:116: LOG:  [Sanitizing headers: Proxy-Authenticate]
si-http-proxy.go:116: LOG:  [Sanitizing headers: Proxy-Authorization]
si-http-proxy.go:116: LOG:  [Sanitizing headers: Proxy-Connection]
si-http-proxy.go:116: LOG:  [Sanitizing headers: Te]
si-http-proxy.go:116: LOG:  [Sanitizing headers: Trailers]
si-http-proxy.go:116: LOG:  [Sanitizing headers: Transfer-Encoding]
si-http-proxy.go:116: LOG:  [Sanitizing headers: Upgrade]
si-http-proxy.go:116: LOG:  [Sanitizing headers: X-Forwarded-For]
si-http-proxy.go:116: LOG:  [Client was retrieved:  ]
si-http-proxy.go:77: 127.0.0.1:58710   GET   http://detectportal.firefox.com/success.txt
si-http-proxy.go:57: 127.0.0.1:58710   GET   http://detectportal.firefox.com/success.txt
si-http-proxy.go:116: LOG:  [http://detectportal.firefox.com/success.txt]
si-http-proxy.go:116: LOG:  [Sanitizing headers: Accept]
si-http-proxy.go:116: LOG:  [Sanitizing headers: Accept-Encoding]
si-http-proxy.go:116: LOG:  [Sanitizing headers: Keep-Alive]
si-http-proxy.go:116: LOG:  [Sanitizing headers: Proxy-Authenticate]
si-http-proxy.go:116: LOG:  [Sanitizing headers: Proxy-Authorization]
si-http-proxy.go:116: LOG:  [Sanitizing headers: Proxy-Connection]
si-http-proxy.go:116: LOG:  [Sanitizing headers: Te]
si-http-proxy.go:116: LOG:  [Sanitizing headers: Trailers]
si-http-proxy.go:116: LOG:  [Sanitizing headers: Transfer-Encoding]
si-http-proxy.go:116: LOG:  [Sanitizing headers: Upgrade]
si-http-proxy.go:116: LOG:  [Sanitizing headers: X-Forwarded-For]
si-http-proxy.go:116: LOG:  [Client was retrieved:  ]
si-http-proxy.go:77: 127.0.0.1:58710   GET   http://detectportal.firefox.com/success.txt
si-http-proxy.go:57: 127.0.0.1:58710   GET   http://detectportal.firefox.com/success.txt
si-http-proxy.go:116: LOG:  [http://detectportal.firefox.com/success.txt]
si-http-proxy.go:116: LOG:  [Sanitizing headers: Accept]
si-http-proxy.go:116: LOG:  [Sanitizing headers: Accept-Encoding]
si-http-proxy.go:116: LOG:  [Sanitizing headers: Keep-Alive]
si-http-proxy.go:116: LOG:  [Sanitizing headers: Proxy-Authenticate]
si-http-proxy.go:116: LOG:  [Sanitizing headers: Proxy-Authorization]
si-http-proxy.go:116: LOG:  [Sanitizing headers: Proxy-Connection]
si-http-proxy.go:116: LOG:  [Sanitizing headers: Te]
si-http-proxy.go:116: LOG:  [Sanitizing headers: Trailers]
si-http-proxy.go:116: LOG:  [Sanitizing headers: Transfer-Encoding]
si-http-proxy.go:116: LOG:  [Sanitizing headers: Upgrade]
si-http-proxy.go:116: LOG:  [Sanitizing headers: X-Forwarded-For]
si-http-proxy.go:116: LOG:  [Client was retrieved:  ]
si-http-proxy.go:77: 127.0.0.1:58710   GET   http://detectportal.firefox.com/success.txt
si-http-proxy.go:57: 127.0.0.1:58710   GET   http://detectportal.firefox.com/success.txt
si-http-proxy.go:116: LOG:  [http://detectportal.firefox.com/success.txt]
si-http-proxy.go:116: LOG:  [Sanitizing headers: Accept]
si-http-proxy.go:116: LOG:  [Sanitizing headers: Accept-Encoding]
si-http-proxy.go:116: LOG:  [Sanitizing headers: Keep-Alive]
si-http-proxy.go:116: LOG:  [Sanitizing headers: Proxy-Authenticate]
si-http-proxy.go:116: LOG:  [Sanitizing headers: Proxy-Authorization]
si-http-proxy.go:116: LOG:  [Sanitizing headers: Proxy-Connection]
si-http-proxy.go:116: LOG:  [Sanitizing headers: Te]
si-http-proxy.go:116: LOG:  [Sanitizing headers: Trailers]
si-http-proxy.go:116: LOG:  [Sanitizing headers: Transfer-Encoding]
si-http-proxy.go:116: LOG:  [Sanitizing headers: Upgrade]
si-http-proxy.go:116: LOG:  [Sanitizing headers: X-Forwarded-For]
si-http-proxy.go:116: LOG:  [Client was retrieved:  ]
si-http-proxy.go:77: 127.0.0.1:58710   GET   http://detectportal.firefox.com/success.txt
si-http-proxy.go:57: 127.0.0.1:58710   GET   http://detectportal.firefox.com/success.txt
si-http-proxy.go:116: LOG:  [http://detectportal.firefox.com/success.txt]
si-http-proxy.go:116: LOG:  [Sanitizing headers: Accept]
si-http-proxy.go:116: LOG:  [Sanitizing headers: Accept-Encoding]
si-http-proxy.go:116: LOG:  [Sanitizing headers: Keep-Alive]
si-http-proxy.go:116: LOG:  [Sanitizing headers: Proxy-Authenticate]
si-http-proxy.go:116: LOG:  [Sanitizing headers: Proxy-Authorization]
si-http-proxy.go:116: LOG:  [Sanitizing headers: Proxy-Connection]
si-http-proxy.go:116: LOG:  [Sanitizing headers: Te]
si-http-proxy.go:116: LOG:  [Sanitizing headers: Trailers]
si-http-proxy.go:116: LOG:  [Sanitizing headers: Transfer-Encoding]
si-http-proxy.go:116: LOG:  [Sanitizing headers: Upgrade]
si-http-proxy.go:116: LOG:  [Sanitizing headers: X-Forwarded-For]
si-http-proxy.go:116: LOG:  [Client was retrieved:  ]
si-http-proxy.go:77: 127.0.0.1:58710   GET   http://detectportal.firefox.com/success.txt
si-http-proxy.go:57: 127.0.0.1:58710   GET   http://detectportal.firefox.com/success.txt
si-http-proxy.go:116: LOG:  [http://detectportal.firefox.com/success.txt]
si-http-proxy.go:116: LOG:  [Sanitizing headers: Accept]
si-http-proxy.go:116: LOG:  [Sanitizing headers: Accept-Encoding]
si-http-proxy.go:116: LOG:  [Sanitizing headers: Keep-Alive]
si-http-proxy.go:116: LOG:  [Sanitizing headers: Proxy-Authenticate]
si-http-proxy.go:116: LOG:  [Sanitizing headers: Proxy-Authorization]
si-http-proxy.go:116: LOG:  [Sanitizing headers: Proxy-Connection]
si-http-proxy.go:116: LOG:  [Sanitizing headers: Te]
si-http-proxy.go:116: LOG:  [Sanitizing headers: Trailers]
si-http-proxy.go:116: LOG:  [Sanitizing headers: Transfer-Encoding]
si-http-proxy.go:116: LOG:  [Sanitizing headers: Upgrade]
si-http-proxy.go:116: LOG:  [Sanitizing headers: X-Forwarded-For]
si-http-proxy.go:116: LOG:  [Client was retrieved:  ]
si-http-proxy.go:77: 127.0.0.1:58710   GET   http://detectportal.firefox.com/success.txt
si-http-proxy.go:57: 127.0.0.1:58710   GET   http://detectportal.firefox.com/success.txt
si-http-proxy.go:116: LOG:  [http://detectportal.firefox.com/success.txt]
si-http-proxy.go:116: LOG:  [Sanitizing headers: Accept]
si-http-proxy.go:116: LOG:  [Sanitizing headers: Accept-Encoding]
si-http-proxy.go:116: LOG:  [Sanitizing headers: Keep-Alive]
si-http-proxy.go:116: LOG:  [Sanitizing headers: Proxy-Authenticate]
si-http-proxy.go:116: LOG:  [Sanitizing headers: Proxy-Authorization]
si-http-proxy.go:116: LOG:  [Sanitizing headers: Proxy-Connection]
si-http-proxy.go:116: LOG:  [Sanitizing headers: Te]
si-http-proxy.go:116: LOG:  [Sanitizing headers: Trailers]
si-http-proxy.go:116: LOG:  [Sanitizing headers: Transfer-Encoding]
si-http-proxy.go:116: LOG:  [Sanitizing headers: Upgrade]
si-http-proxy.go:116: LOG:  [Sanitizing headers: X-Forwarded-For]
si-http-proxy.go:116: LOG:  [Client was retrieved:  ]
si-http-proxy.go:77: 127.0.0.1:58710   GET   http://detectportal.firefox.com/success.txt
si-http-proxy.go:57: 127.0.0.1:58710   GET   http://detectportal.firefox.com/success.txt
si-http-proxy.go:116: LOG:  [http://detectportal.firefox.com/success.txt]
si-http-proxy.go:116: LOG:  [Sanitizing headers: Accept]
si-http-proxy.go:116: LOG:  [Sanitizing headers: Accept-Encoding]
si-http-proxy.go:116: LOG:  [Sanitizing headers: Keep-Alive]
si-http-proxy.go:116: LOG:  [Sanitizing headers: Proxy-Authenticate]
si-http-proxy.go:116: LOG:  [Sanitizing headers: Proxy-Authorization]
si-http-proxy.go:116: LOG:  [Sanitizing headers: Proxy-Connection]
si-http-proxy.go:116: LOG:  [Sanitizing headers: Te]
si-http-proxy.go:116: LOG:  [Sanitizing headers: Trailers]
si-http-proxy.go:116: LOG:  [Sanitizing headers: Transfer-Encoding]
si-http-proxy.go:116: LOG:  [Sanitizing headers: Upgrade]
si-http-proxy.go:116: LOG:  [Sanitizing headers: X-Forwarded-For]
si-http-proxy.go:116: LOG:  [Client was retrieved:  ]
si-http-proxy.go:77: 127.0.0.1:58710   GET   http://detectportal.firefox.com/success.txt
si-http-proxy.go:57: 127.0.0.1:58710   GET   http://detectportal.firefox.com/success.txt
si-http-proxy.go:116: LOG:  [http://detectportal.firefox.com/success.txt]
si-http-proxy.go:116: LOG:  [Sanitizing headers: Accept]
si-http-proxy.go:116: LOG:  [Sanitizing headers: Accept-Encoding]
si-http-proxy.go:116: LOG:  [Sanitizing headers: Keep-Alive]
si-http-proxy.go:116: LOG:  [Sanitizing headers: Proxy-Authenticate]
si-http-proxy.go:116: LOG:  [Sanitizing headers: Proxy-Authorization]
si-http-proxy.go:116: LOG:  [Sanitizing headers: Proxy-Connection]
si-http-proxy.go:116: LOG:  [Sanitizing headers: Te]
si-http-proxy.go:116: LOG:  [Sanitizing headers: Trailers]
si-http-proxy.go:116: LOG:  [Sanitizing headers: Transfer-Encoding]
si-http-proxy.go:116: LOG:  [Sanitizing headers: Upgrade]
si-http-proxy.go:116: LOG:  [Sanitizing headers: X-Forwarded-For]
si-http-proxy.go:116: LOG:  [Client was retrieved:  ]
si-http-proxy.go:77: 127.0.0.1:58710   GET   http://detectportal.firefox.com/success.txt
si-http-proxy.go:57: 127.0.0.1:58710   GET   http://detectportal.firefox.com/success.txt
si-http-proxy.go:116: LOG:  [http://detectportal.firefox.com/success.txt]
si-http-proxy.go:116: LOG:  [Sanitizing headers: Accept]
si-http-proxy.go:116: LOG:  [Sanitizing headers: Accept-Encoding]
si-http-proxy.go:116: LOG:  [Sanitizing headers: Keep-Alive]
si-http-proxy.go:116: LOG:  [Sanitizing headers: Proxy-Authenticate]
si-http-proxy.go:116: LOG:  [Sanitizing headers: Proxy-Authorization]
si-http-proxy.go:116: LOG:  [Sanitizing headers: Proxy-Connection]
si-http-proxy.go:116: LOG:  [Sanitizing headers: Te]
si-http-proxy.go:116: LOG:  [Sanitizing headers: Trailers]
si-http-proxy.go:116: LOG:  [Sanitizing headers: Transfer-Encoding]
si-http-proxy.go:116: LOG:  [Sanitizing headers: Upgrade]
si-http-proxy.go:116: LOG:  [Sanitizing headers: X-Forwarded-For]
si-http-proxy.go:116: LOG:  [Client was retrieved:  ]
si-http-proxy.go:77: 127.0.0.1:58710   GET   http://detectportal.firefox.com/success.txt
si-http-proxy.go:57: 127.0.0.1:58710   GET   http://detectportal.firefox.com/success.txt
si-http-proxy.go:116: LOG:  [http://detectportal.firefox.com/success.txt]
si-http-proxy.go:116: LOG:  [Sanitizing headers: Accept]
si-http-proxy.go:116: LOG:  [Sanitizing headers: Accept-Encoding]
si-http-proxy.go:116: LOG:  [Sanitizing headers: Keep-Alive]
si-http-proxy.go:116: LOG:  [Sanitizing headers: Proxy-Authenticate]
si-http-proxy.go:116: LOG:  [Sanitizing headers: Proxy-Authorization]
si-http-proxy.go:116: LOG:  [Sanitizing headers: Proxy-Connection]
si-http-proxy.go:116: LOG:  [Sanitizing headers: Te]
si-http-proxy.go:116: LOG:  [Sanitizing headers: Trailers]
si-http-proxy.go:116: LOG:  [Sanitizing headers: Transfer-Encoding]
si-http-proxy.go:116: LOG:  [Sanitizing headers: Upgrade]
si-http-proxy.go:116: LOG:  [Sanitizing headers: X-Forwarded-For]
si-http-proxy.go:116: LOG:  [Client was retrieved:  ]
si-http-proxy.go:77: 127.0.0.1:58710   GET   http://detectportal.firefox.com/success.txt
si-http-proxy.go:57: 127.0.0.1:58710   GET   http://detectportal.firefox.com/success.txt
si-http-proxy.go:116: LOG:  [http://detectportal.firefox.com/success.txt]
si-http-proxy.go:116: LOG:  [Sanitizing headers: Accept]
si-http-proxy.go:116: LOG:  [Sanitizing headers: Accept-Encoding]
si-http-proxy.go:116: LOG:  [Sanitizing headers: Keep-Alive]
si-http-proxy.go:116: LOG:  [Sanitizing headers: Proxy-Authenticate]
si-http-proxy.go:116: LOG:  [Sanitizing headers: Proxy-Authorization]
si-http-proxy.go:116: LOG:  [Sanitizing headers: Proxy-Connection]
si-http-proxy.go:116: LOG:  [Sanitizing headers: Te]
si-http-proxy.go:116: LOG:  [Sanitizing headers: Trailers]
si-http-proxy.go:116: LOG:  [Sanitizing headers: Transfer-Encoding]
si-http-proxy.go:116: LOG:  [Sanitizing headers: Upgrade]
si-http-proxy.go:116: LOG:  [Sanitizing headers: X-Forwarded-For]
si-http-proxy.go:116: LOG:  [Client was retrieved:  ]
si-http-proxy.go:77: 127.0.0.1:58710   GET   http://detectportal.firefox.com/success.txt
si-http-proxy.go:57: 127.0.0.1:58710   GET   http://detectportal.firefox.com/success.txt
si-http-proxy.go:116: LOG:  [http://detectportal.firefox.com/success.txt]
si-http-proxy.go:116: LOG:  [Sanitizing headers: Accept]
si-http-proxy.go:116: LOG:  [Sanitizing headers: Accept-Encoding]
si-http-proxy.go:116: LOG:  [Sanitizing headers: Keep-Alive]
si-http-proxy.go:116: LOG:  [Sanitizing headers: Proxy-Authenticate]
si-http-proxy.go:116: LOG:  [Sanitizing headers: Proxy-Authorization]
si-http-proxy.go:116: LOG:  [Sanitizing headers: Proxy-Connection]
si-http-proxy.go:116: LOG:  [Sanitizing headers: Te]
si-http-proxy.go:116: LOG:  [Sanitizing headers: Trailers]
si-http-proxy.go:116: LOG:  [Sanitizing headers: Transfer-Encoding]
si-http-proxy.go:116: LOG:  [Sanitizing headers: Upgrade]
si-http-proxy.go:116: LOG:  [Sanitizing headers: X-Forwarded-For]
si-http-proxy.go:116: LOG:  [Client was retrieved:  ]
si-http-proxy.go:77: 127.0.0.1:58710   GET   http://detectportal.firefox.com/success.txt
si-http-proxy.go:57: 127.0.0.1:58710   GET   http://detectportal.firefox.com/success.txt
si-http-proxy.go:116: LOG:  [http://detectportal.firefox.com/success.txt]
si-http-proxy.go:116: LOG:  [Sanitizing headers: Accept]
si-http-proxy.go:116: LOG:  [Sanitizing headers: Accept-Encoding]
si-http-proxy.go:116: LOG:  [Sanitizing headers: Keep-Alive]
si-http-proxy.go:116: LOG:  [Sanitizing headers: Proxy-Authenticate]
si-http-proxy.go:116: LOG:  [Sanitizing headers: Proxy-Authorization]
si-http-proxy.go:116: LOG:  [Sanitizing headers: Proxy-Connection]
si-http-proxy.go:116: LOG:  [Sanitizing headers: Te]
si-http-proxy.go:116: LOG:  [Sanitizing headers: Trailers]
si-http-proxy.go:116: LOG:  [Sanitizing headers: Transfer-Encoding]
si-http-proxy.go:116: LOG:  [Sanitizing headers: Upgrade]
si-http-proxy.go:116: LOG:  [Sanitizing headers: X-Forwarded-For]
si-http-proxy.go:116: LOG:  [Client was retrieved:  ]
si-http-proxy.go:77: 127.0.0.1:58710   GET   http://detectportal.firefox.com/success.txt
si-http-proxy.go:57: 127.0.0.1:58710   GET   http://detectportal.firefox.com/success.txt
si-http-proxy.go:116: LOG:  [http://detectportal.firefox.com/success.txt]
si-http-proxy.go:116: LOG:  [Sanitizing headers: Accept]
si-http-proxy.go:116: LOG:  [Sanitizing headers: Accept-Encoding]
si-http-proxy.go:116: LOG:  [Sanitizing headers: Keep-Alive]
si-http-proxy.go:116: LOG:  [Sanitizing headers: Proxy-Authenticate]
si-http-proxy.go:116: LOG:  [Sanitizing headers: Proxy-Authorization]
si-http-proxy.go:116: LOG:  [Sanitizing headers: Proxy-Connection]
si-http-proxy.go:116: LOG:  [Sanitizing headers: Te]
si-http-proxy.go:116: LOG:  [Sanitizing headers: Trailers]
si-http-proxy.go:116: LOG:  [Sanitizing headers: Transfer-Encoding]
si-http-proxy.go:116: LOG:  [Sanitizing headers: Upgrade]
si-http-proxy.go:116: LOG:  [Sanitizing headers: X-Forwarded-For]
si-http-proxy.go:116: LOG:  [Client was retrieved:  ]
si-http-proxy.go:77: 127.0.0.1:58710   GET   http://detectportal.firefox.com/success.txt
si-http-proxy.go:57: 127.0.0.1:58710   GET   http://detectportal.firefox.com/success.txt
si-http-proxy.go:116: LOG:  [http://detectportal.firefox.com/success.txt]
si-http-proxy.go:116: LOG:  [Sanitizing headers: Accept]
si-http-proxy.go:116: LOG:  [Sanitizing headers: Accept-Encoding]
si-http-proxy.go:116: LOG:  [Sanitizing headers: Keep-Alive]
si-http-proxy.go:116: LOG:  [Sanitizing headers: Proxy-Authenticate]
si-http-proxy.go:116: LOG:  [Sanitizing headers: Proxy-Authorization]
si-http-proxy.go:116: LOG:  [Sanitizing headers: Proxy-Connection]
si-http-proxy.go:116: LOG:  [Sanitizing headers: Te]
si-http-proxy.go:116: LOG:  [Sanitizing headers: Trailers]
si-http-proxy.go:116: LOG:  [Sanitizing headers: Transfer-Encoding]
si-http-proxy.go:116: LOG:  [Sanitizing headers: Upgrade]
si-http-proxy.go:116: LOG:  [Sanitizing headers: X-Forwarded-For]
si-http-proxy.go:116: LOG:  [Client was retrieved:  ]
si-http-proxy.go:77: 127.0.0.1:58710   GET   http://detectportal.firefox.com/success.txt
si-http-proxy.go:57: 127.0.0.1:58710   GET   http://detectportal.firefox.com/success.txt
si-http-proxy.go:116: LOG:  [http://detectportal.firefox.com/success.txt]
si-http-proxy.go:116: LOG:  [Sanitizing headers: Accept]
si-http-proxy.go:116: LOG:  [Sanitizing headers: Accept-Encoding]
si-http-proxy.go:116: LOG:  [Sanitizing headers: Keep-Alive]
si-http-proxy.go:116: LOG:  [Sanitizing headers: Proxy-Authenticate]
si-http-proxy.go:116: LOG:  [Sanitizing headers: Proxy-Authorization]
si-http-proxy.go:116: LOG:  [Sanitizing headers: Proxy-Connection]
si-http-proxy.go:116: LOG:  [Sanitizing headers: Te]
si-http-proxy.go:116: LOG:  [Sanitizing headers: Trailers]
si-http-proxy.go:116: LOG:  [Sanitizing headers: Transfer-Encoding]
si-http-proxy.go:116: LOG:  [Sanitizing headers: Upgrade]
si-http-proxy.go:116: LOG:  [Sanitizing headers: X-Forwarded-For]
si-http-proxy.go:116: LOG:  [Client was retrieved:  ]
si-http-proxy.go:77: 127.0.0.1:58710   GET   http://detectportal.firefox.com/success.txt
si-http-proxy.go:57: 127.0.0.1:58710   GET   http://detectportal.firefox.com/success.txt
si-http-proxy.go:116: LOG:  [http://detectportal.firefox.com/success.txt]
si-http-proxy.go:116: LOG:  [Sanitizing headers: Accept]
si-http-proxy.go:116: LOG:  [Sanitizing headers: Accept-Encoding]
si-http-proxy.go:116: LOG:  [Sanitizing headers: Keep-Alive]
si-http-proxy.go:116: LOG:  [Sanitizing headers: Proxy-Authenticate]
si-http-proxy.go:116: LOG:  [Sanitizing headers: Proxy-Authorization]
si-http-proxy.go:116: LOG:  [Sanitizing headers: Proxy-Connection]
si-http-proxy.go:116: LOG:  [Sanitizing headers: Te]
si-http-proxy.go:116: LOG:  [Sanitizing headers: Trailers]
si-http-proxy.go:116: LOG:  [Sanitizing headers: Transfer-Encoding]
si-http-proxy.go:116: LOG:  [Sanitizing headers: Upgrade]
si-http-proxy.go:116: LOG:  [Sanitizing headers: X-Forwarded-For]
si-http-proxy.go:116: LOG:  [Client was retrieved:  ]
si-http-proxy.go:77: 127.0.0.1:58710   GET   http://detectportal.firefox.com/success.txt
si-http-proxy.go:57: 127.0.0.1:58710   GET   http://detectportal.firefox.com/success.txt
si-http-proxy.go:116: LOG:  [http://detectportal.firefox.com/success.txt]
si-http-proxy.go:116: LOG:  [Sanitizing headers: Accept]
si-http-proxy.go:116: LOG:  [Sanitizing headers: Accept-Encoding]
si-http-proxy.go:116: LOG:  [Sanitizing headers: Keep-Alive]
si-http-proxy.go:116: LOG:  [Sanitizing headers: Proxy-Authenticate]
si-http-proxy.go:116: LOG:  [Sanitizing headers: Proxy-Authorization]
si-http-proxy.go:116: LOG:  [Sanitizing headers: Proxy-Connection]
si-http-proxy.go:116: LOG:  [Sanitizing headers: Te]
si-http-proxy.go:116: LOG:  [Sanitizing headers: Trailers]
si-http-proxy.go:116: LOG:  [Sanitizing headers: Transfer-Encoding]
si-http-proxy.go:116: LOG:  [Sanitizing headers: Upgrade]
si-http-proxy.go:116: LOG:  [Sanitizing headers: X-Forwarded-For]
si-http-proxy.go:116: LOG:  [Client was retrieved:  ]
si-http-proxy.go:77: 127.0.0.1:58710   GET   http://detectportal.firefox.com/success.txt
si-http-proxy.go:57: 127.0.0.1:58710   GET   http://detectportal.firefox.com/success.txt
si-http-proxy.go:116: LOG:  [http://detectportal.firefox.com/success.txt]
si-http-proxy.go:116: LOG:  [Sanitizing headers: Accept]
si-http-proxy.go:116: LOG:  [Sanitizing headers: Accept-Encoding]
si-http-proxy.go:116: LOG:  [Sanitizing headers: Keep-Alive]
si-http-proxy.go:116: LOG:  [Sanitizing headers: Proxy-Authenticate]
si-http-proxy.go:116: LOG:  [Sanitizing headers: Proxy-Authorization]
si-http-proxy.go:116: LOG:  [Sanitizing headers: Proxy-Connection]
si-http-proxy.go:116: LOG:  [Sanitizing headers: Te]
si-http-proxy.go:116: LOG:  [Sanitizing headers: Trailers]
si-http-proxy.go:116: LOG:  [Sanitizing headers: Transfer-Encoding]
si-http-proxy.go:116: LOG:  [Sanitizing headers: Upgrade]
si-http-proxy.go:116: LOG:  [Sanitizing headers: X-Forwarded-For]
si-http-proxy.go:116: LOG:  [Client was retrieved:  ]
si-http-proxy.go:77: 127.0.0.1:58710   GET   http://detectportal.firefox.com/success.txt
si-http-proxy.go:57: 127.0.0.1:58710   GET   http://detectportal.firefox.com/success.txt
si-http-proxy.go:116: LOG:  [http://detectportal.firefox.com/success.txt]
si-http-proxy.go:116: LOG:  [Sanitizing headers: Accept]
si-http-proxy.go:116: LOG:  [Sanitizing headers: Accept-Encoding]
si-http-proxy.go:116: LOG:  [Sanitizing headers: Keep-Alive]
si-http-proxy.go:116: LOG:  [Sanitizing headers: Proxy-Authenticate]
si-http-proxy.go:116: LOG:  [Sanitizing headers: Proxy-Authorization]
si-http-proxy.go:116: LOG:  [Sanitizing headers: Proxy-Connection]
si-http-proxy.go:116: LOG:  [Sanitizing headers: Te]
si-http-proxy.go:116: LOG:  [Sanitizing headers: Trailers]
si-http-proxy.go:116: LOG:  [Sanitizing headers: Transfer-Encoding]
si-http-proxy.go:116: LOG:  [Sanitizing headers: Upgrade]
si-http-proxy.go:116: LOG:  [Sanitizing headers: X-Forwarded-For]
si-http-proxy.go:116: LOG:  [Client was retrieved:  ]
si-http-proxy.go:77: 127.0.0.1:58710   GET   http://detectportal.firefox.com/success.txt
si-http-proxy.go:57: 127.0.0.1:58710   GET   http://detectportal.firefox.com/success.txt
si-http-proxy.go:116: LOG:  [http://detectportal.firefox.com/success.txt]
si-http-proxy.go:116: LOG:  [Sanitizing headers: Accept]
si-http-proxy.go:116: LOG:  [Sanitizing headers: Accept-Encoding]
si-http-proxy.go:116: LOG:  [Sanitizing headers: Keep-Alive]
si-http-proxy.go:116: LOG:  [Sanitizing headers: Proxy-Authenticate]
si-http-proxy.go:116: LOG:  [Sanitizing headers: Proxy-Authorization]
si-http-proxy.go:116: LOG:  [Sanitizing headers: Proxy-Connection]
si-http-proxy.go:116: LOG:  [Sanitizing headers: Te]
si-http-proxy.go:116: LOG:  [Sanitizing headers: Trailers]
si-http-proxy.go:116: LOG:  [Sanitizing headers: Transfer-Encoding]
si-http-proxy.go:116: LOG:  [Sanitizing headers: Upgrade]
si-http-proxy.go:116: LOG:  [Sanitizing headers: X-Forwarded-For]
si-http-proxy.go:116: LOG:  [Client was retrieved:  ]
si-http-proxy.go:77: 127.0.0.1:58710   GET   http://detectportal.firefox.com/success.txt
si-http-proxy.go:57: 127.0.0.1:58710   GET   http://detectportal.firefox.com/success.txt
si-http-proxy.go:116: LOG:  [http://detectportal.firefox.com/success.txt]
si-http-proxy.go:116: LOG:  [Sanitizing headers: Accept]
si-http-proxy.go:116: LOG:  [Sanitizing headers: Accept-Encoding]
si-http-proxy.go:116: LOG:  [Sanitizing headers: Keep-Alive]
si-http-proxy.go:116: LOG:  [Sanitizing headers: Proxy-Authenticate]
si-http-proxy.go:116: LOG:  [Sanitizing headers: Proxy-Authorization]
si-http-proxy.go:116: LOG:  [Sanitizing headers: Proxy-Connection]
si-http-proxy.go:116: LOG:  [Sanitizing headers: Te]
si-http-proxy.go:116: LOG:  [Sanitizing headers: Trailers]
si-http-proxy.go:116: LOG:  [Sanitizing headers: Transfer-Encoding]
si-http-proxy.go:116: LOG:  [Sanitizing headers: Upgrade]
si-http-proxy.go:116: LOG:  [Sanitizing headers: X-Forwarded-For]
si-http-proxy.go:116: LOG:  [Client was retrieved:  ]
si-http-proxy.go:77: 127.0.0.1:58710   GET   http://detectportal.firefox.com/success.txt
si-http-proxy.go:57: 127.0.0.1:58710   GET   http://detectportal.firefox.com/success.txt
si-http-proxy.go:116: LOG:  [http://detectportal.firefox.com/success.txt]
si-http-proxy.go:116: LOG:  [Sanitizing headers: Accept]
si-http-proxy.go:116: LOG:  [Sanitizing headers: Accept-Encoding]
si-http-proxy.go:116: LOG:  [Sanitizing headers: Keep-Alive]
si-http-proxy.go:116: LOG:  [Sanitizing headers: Proxy-Authenticate]
si-http-proxy.go:116: LOG:  [Sanitizing headers: Proxy-Authorization]
si-http-proxy.go:116: LOG:  [Sanitizing headers: Proxy-Connection]
si-http-proxy.go:116: LOG:  [Sanitizing headers: Te]
si-http-proxy.go:116: LOG:  [Sanitizing headers: Trailers]
si-http-proxy.go:116: LOG:  [Sanitizing headers: Transfer-Encoding]
si-http-proxy.go:116: LOG:  [Sanitizing headers: Upgrade]
si-http-proxy.go:116: LOG:  [Sanitizing headers: X-Forwarded-For]
si-http-proxy.go:116: LOG:  [Client was retrieved:  ]
si-http-proxy.go:77: 127.0.0.1:58710   GET   http://detectportal.firefox.com/success.txt
si-http-proxy.go:57: 127.0.0.1:58710   GET   http://detectportal.firefox.com/success.txt
si-http-proxy.go:116: LOG:  [http://detectportal.firefox.com/success.txt]
si-http-proxy.go:116: LOG:  [Sanitizing headers: Accept]
si-http-proxy.go:116: LOG:  [Sanitizing headers: Accept-Encoding]
si-http-proxy.go:116: LOG:  [Sanitizing headers: Keep-Alive]
si-http-proxy.go:116: LOG:  [Sanitizing headers: Proxy-Authenticate]
si-http-proxy.go:116: LOG:  [Sanitizing headers: Proxy-Authorization]
si-http-proxy.go:116: LOG:  [Sanitizing headers: Proxy-Connection]
si-http-proxy.go:116: LOG:  [Sanitizing headers: Te]
si-http-proxy.go:116: LOG:  [Sanitizing headers: Trailers]
si-http-proxy.go:116: LOG:  [Sanitizing headers: Transfer-Encoding]
si-http-proxy.go:116: LOG:  [Sanitizing headers: Upgrade]
si-http-proxy.go:116: LOG:  [Sanitizing headers: X-Forwarded-For]
si-http-proxy.go:116: LOG:  [Client was retrieved:  ]
si-http-proxy.go:77: 127.0.0.1:58710   GET   http://detectportal.firefox.com/success.txt
si-http-proxy.go:57: 127.0.0.1:58710   GET   http://detectportal.firefox.com/success.txt
si-http-proxy.go:116: LOG:  [http://detectportal.firefox.com/success.txt]
si-http-proxy.go:116: LOG:  [Sanitizing headers: Accept]
si-http-proxy.go:116: LOG:  [Sanitizing headers: Accept-Encoding]
si-http-proxy.go:116: LOG:  [Sanitizing headers: Keep-Alive]
si-http-proxy.go:116: LOG:  [Sanitizing headers: Proxy-Authenticate]
si-http-proxy.go:116: LOG:  [Sanitizing headers: Proxy-Authorization]
si-http-proxy.go:116: LOG:  [Sanitizing headers: Proxy-Connection]
si-http-proxy.go:116: LOG:  [Sanitizing headers: Te]
si-http-proxy.go:116: LOG:  [Sanitizing headers: Trailers]
si-http-proxy.go:116: LOG:  [Sanitizing headers: Transfer-Encoding]
si-http-proxy.go:116: LOG:  [Sanitizing headers: Upgrade]
si-http-proxy.go:116: LOG:  [Sanitizing headers: X-Forwarded-For]
si-http-proxy.go:116: LOG:  [Client was retrieved:  ]
si-http-proxy.go:77: 127.0.0.1:58710   GET   http://detectportal.firefox.com/success.txt
si-http-proxy.go:57: 127.0.0.1:58710   GET   http://detectportal.firefox.com/success.txt
si-http-proxy.go:116: LOG:  [http://detectportal.firefox.com/success.txt]
si-http-proxy.go:116: LOG:  [Sanitizing headers: Accept]
si-http-proxy.go:116: LOG:  [Sanitizing headers: Accept-Encoding]
si-http-proxy.go:116: LOG:  [Sanitizing headers: Keep-Alive]
si-http-proxy.go:116: LOG:  [Sanitizing headers: Proxy-Authenticate]
si-http-proxy.go:116: LOG:  [Sanitizing headers: Proxy-Authorization]
si-http-proxy.go:116: LOG:  [Sanitizing headers: Proxy-Connection]
si-http-proxy.go:116: LOG:  [Sanitizing headers: Te]
si-http-proxy.go:116: LOG:  [Sanitizing headers: Trailers]
si-http-proxy.go:116: LOG:  [Sanitizing headers: Transfer-Encoding]
si-http-proxy.go:116: LOG:  [Sanitizing headers: Upgrade]
si-http-proxy.go:116: LOG:  [Sanitizing headers: X-Forwarded-For]
si-http-proxy.go:116: LOG:  [Client was retrieved:  ]
