20:22:50@50/[1;31merror[0m - RouterInfo: Can't open file 
Listening on localhost:8080
20:22:52@50/[1;31merror[0m - Clients: can't open file /var/lib/i2pd/collude-one.dat Creating new one with signature type 1 crypto type 0
20:22:52@50/[1;31merror[0m - Clients: can't open file /var/lib/i2pd/collude-two.dat Creating new one with signature type 1 crypto type 0
20:35:22@832/[1;31merror[0m - NTCP: Phase 4 read error: Operation canceled. Check your clock

----- Request Start ----->

Request path: /
Request headers: Host: awvuu3g5tbsqsucpgugkfqbfv6lbcadmanpaignr6wryg5lqltra.b32.i2p
User-Agent: MYOB/6.66 (AN/ON)
Connection: close
X-I2P-DestB32: cfwvbl25nspvm2taodcsbuam3rm7jd7ryiq4ciiovixx5d42eh5a.b32.i2p
X-I2P-DestHash: EW1Qr11sn1ZqYHDFINAM3Fn0j~HCIcEhDqovfo-aIfo=
X-I2P-DestB64: gEBYt0ZxnV32xWLcfmRgYGIfuPDwA3ENi0~jW2VlXtZH~lb19KjJQvVXwwjK0nNJZs6e3fxqVOF8HZ-0vauVcdRJSoBYjVB3-k5TAK7cOuE4CsAnYAR8bImypqNr29xQC9Un~l1tnRCLToc7gU71xplq-0M-xYCtaIgl18~wMUGb3oqUbB-mFk0HtOnJZLwumUf2FYm-ZEHUtXFTRUHll~ipD8N8dFFXEvin8UwgyhVLEce1dQoKV6C08n0sz-C9oUtphC7lPYwsa5h3i1agMhmNTFYQ1d5hdXauBv39WO6nzJ5OOQFndcirjZzT7MOgn6ZQlNkT2NtG56COTczbKmwRzubS2bTiIW5Y~gGfK7empSTrsGfqo8jVdCQt44y0L3NXSFtEdmMjaK0dUL6rC5FY698ozYcoeqHbOdgwnJk70ORKmIXovnKO7epQWP~9bjR1z3lZxmnRs3hpEeESY32FxRVVKzaWrmAzYMtyWhGFo1l1yVfzDDkEde0Dw8WuAAAA


<----- Request End -----

127.0.0.1 - - [22/Feb/2018 20:43:07] "GET / HTTP/1.1" 200 -
20:43:09@562/[1;31merror[0m - I2PTunnel: read error: End of file

----- Request Start ----->

Request path: /
Request headers: Host: r66crvk7ck3ythfhoyjd7ypwqqggkesl3ptq3rnk2y7jdj4amk4q.b32.i2p
User-Agent: MYOB/6.66 (AN/ON)
Connection: close
X-I2P-DestB32: cfwvbl25nspvm2taodcsbuam3rm7jd7ryiq4ciiovixx5d42eh5a.b32.i2p
X-I2P-DestHash: EW1Qr11sn1ZqYHDFINAM3Fn0j~HCIcEhDqovfo-aIfo=
X-I2P-DestB64: gEBYt0ZxnV32xWLcfmRgYGIfuPDwA3ENi0~jW2VlXtZH~lb19KjJQvVXwwjK0nNJZs6e3fxqVOF8HZ-0vauVcdRJSoBYjVB3-k5TAK7cOuE4CsAnYAR8bImypqNr29xQC9Un~l1tnRCLToc7gU71xplq-0M-xYCtaIgl18~wMUGb3oqUbB-mFk0HtOnJZLwumUf2FYm-ZEHUtXFTRUHll~ipD8N8dFFXEvin8UwgyhVLEce1dQoKV6C08n0sz-C9oUtphC7lPYwsa5h3i1agMhmNTFYQ1d5hdXauBv39WO6nzJ5OOQFndcirjZzT7MOgn6ZQlNkT2NtG56COTczbKmwRzubS2bTiIW5Y~gGfK7empSTrsGfqo8jVdCQt44y0L3NXSFtEdmMjaK0dUL6rC5FY698ozYcoeqHbOdgwnJk70ORKmIXovnKO7epQWP~9bjR1z3lZxmnRs3hpEeESY32FxRVVKzaWrmAzYMtyWhGFo1l1yVfzDDkEde0Dw8WuAAAA


<----- Request End -----

127.0.0.1 - - [22/Feb/2018 20:43:14] "GET / HTTP/1.1" 200 -
20:43:19@66/[1;31merror[0m - I2PTunnel: read error: End of file
